node   1  (   0,    0) (   6,    3) (  11,    4) (  11,    5) (   9,    7) (   9,    9) (   9,    9) (   9,    9) (   9,    9) (   9,    9)
          (   9,    9) (   9,    9) (   9,    9) (   9,    9) (   9,    9) (   9,    9) (   9,    9) (   9,    9) (   9,    9) (   9,    9)
          (   9,    9) (   9,    9) (   9,    9) (   9,    9) (   9,    9) (   9,    9) (   9,    9) (   9,    9) (   9,    9) (   9,    9)
          (   9,    9) (   9,    9) (   9,    9) (   9,    9) (   9,    9) (   9,    9) (   9,    9) (   9,    9) (   9,    9) (   9,    9)
          (   9,    9) (   9,    9) (   9,    9) (   9,    9) (   9,    9) (   9,    9) (   9,    9) (   9,    9) (   9,    9) (   9,    9)
          (   9,    9) (   8,    9) (   9,    9) (   8,    7) (   9,    8) (   9,    8) (   9,    8) (   7,    8) (   8,    9) (   9,    8)
          (   9,    8) (   9,    8) (   9,    8) (   8,    8) (   6,    8) (   9,    8) (   6,    8) (   9,    9) (   8,    6) (   9,    8)
          (   8,    9) (   9,    7) (   9,    9) (   7,    9) (   6,    9) (   9,    7) (   8,    9) (   8,    7) (   7,    7) (   8,    7)
          (   8,    7) (   8,    9) (   9,    9) (   8,    6) (   7,    6) (   8,    7) (   9,    8) (   9,    9) (   8,    8) (   9,    8)
          (   8,    8) (   8,    9) (   7,    7) (   7,    9) (   8,    9) (   8,    9) (   7,    8) (   8,    9) (   8,    7) (   8,    8)
          (   7,    8) (   9,    9) (   9,    8) (   8,    8) (   8,    7) (   7,    6) (   9,    6) (   9,    8) (   9,    7) (   8,    8)
          (   8,    7) (   9,    7) (   9,    8) (   8,    8) (   9,    6) (   7,    6) (   9,    8) (   7,    8) (   7,    8) (   8,    8)
          (   9,    8) (   8,    8) (   8,    7) (   8,    7) (   7,    8) (   8,    8) (   7,    7) (   6,    8) (   7,    8) (   8,    7)
          (   7,    8) (   6,    6) (   7,    8) (   8,    8) (   7,    7) (   5,    8) (   8,    7) (   8,    8) (   8,    7) (   8,    6)
          (   8,    5) (   7,    8) (   7,    8) (   7,    8) (   8,    8) (   7,    7) (   7,    8) (   7,    5) (   7,    7) (   8,    7)
          (   7,    8) (   7,    8) (   8,    7) (   8,    6) (   6,    7) (   7,    7) (   8,    8) (   8,    7) (   8,    8) (   8,    7)
          (   8,    6) (   8,    6) (   8,    8) (   8,    7) (   8,    8) (   8,    7) (   8,    7) (   7,    8) (   8,    6) (   7,    8)
          (   6,    7) (   8,    7) (   7,    8) (   6,    7) (   7,    7) (   7,    6) (   8,    7) (   7,    7) (   8,    6) (   7,    6)
          (   7,    8) (   8,    8) (   8,    7) (   7,    8) (   7,    7) (   8,    8) (   8,    8) (   8,    8) (   7,    7) (   7,    8)
          (   6,    7) (   8,    8) (   6,    7) (   7,    8) (   6,    6) (   8,    8) (   8,    6) (   6,    6) (   8,    8) (   8,    7)
          (   5,    8) (   7,    8) (   7,    7) (   8,    6) (   7,    8) (   8,    8) (   6,    8) (   8,    8) (   8,    8) (   7,    8)
          (   7,    8) (   8,    7) (   8,    7) (   6,    8) (   8,    6) (   8,    7) (   7,    7) (   7,    7) (   8,    7) (   8,    7)
          (   8,    6) (   8,    8) (   8,    8) (   7,    7) (   7,    7) (   8,    7) (   5,    6) (   7,    8) (   8,    8) (   8,    8)
          (   7,    8) (   8,    7) (   8,    8) (   8,    6) (   7,    8) (   7,    7) (   8,    8) (   7,    7) (   7,    8) (   6,    8)
          (   8,    7) (   7,    8) (   8,    8) (   8,    6) (   8,    5) (   7,    8) (   8,    7) (   5,    8) (   7,    7) (   8,    6)
          (   8,    8) (   7,    7) (   7,    5) (   7,    8) (   8,    5) (   7,    8) (   8,    8) (   8,    8) (   5,    5) (   7,    8)
          (   5,    7) (   8,    8) (   8,    8) (   6,    6) (   6,    8) (   8,    7) (   7,    8) (   8,    6) (   7,    5) (   5,    8)
          (   7,    6) (   7,    7) (   8,    8) (   7,    8) (   7,    7) (   8,    8) (   7,    6) (   7,    5) (   7,    8) (   7,    7)
          (   8,    6) (   5,    7) (   8,    5) (   6,    5) (   7,    6) (   8,    8) (   7,    8) (   5,    7) (   7,    8) (   7,    5)
          (   8,    6) (   5,    7) (   6,    7) (   6,    7) (   6,    8) (   8,    8) (   7,    7) (   8,    8) (   7,    7) (   8,    7)
          (   7,    7) (   8,    7) (   8,    8) (   8,    8) (   8,    8) (   8,    8) (   8,    8) (   8,    8) (   8,    8) (   8,    8)
          (   8,    8) (   8,    8) (   8,    8) (   8,    8) (   8,    8) (   8,    8) (   8,    8) (   8,    8) (   8,    8) (   8,    8)
          (   8,    8) (   8,    8) (   8,    8) (   8,    8) (   8,    8) (   8,    8) (   8,    8) (   8,    8) (   8,    8) (   8,    8)
          (   8,    8) (   8,    8) (   8,    8) (   8,    8) (   8,    8) (   8,    8) (   8,    8) (   8,    8) (   8,    8) (   8,    8)
          (   8,    8) (   8,    8) (   8,    8) (   8,    8) (   8,    8) (   8,    8) (   8,    8) (   8,    8) (   8,    8) (   8,    8)
          (   8,    8) (   8,    8) (   8,    8) (   8,    8) (   8,    8) (   8,    8) (   8,    8) (   8,    8) (   8,    8) (   8,    8)
          (   8,    8) (   8,    8) (   8,    8) (   8,    8) (   8,    8) (   8,    8) (   8,    8) (   8,    8) (   8,    8) (   8,    8)
          (   8,    8) (   8,    8) (   8,    8) (   8,    8) (   8,    8) (   8,    8) (   8,    8) (   8,    8) (   8,    8) (   8,    8)
          (   8,    8) (   8,    8) (   8,    8) (   8,    8) (   8,    8) (   8,    8) (   8,    8) (   8,    8) (   8,    8) (   8,    8)
          (   8,    8) (   8,    8) (   8,    8) (   8,    8) (   8,    8) (   8,    8) (   8,    8) (   8,    8) (   8,    8) (   8,    8)
          (   8,    8) (   8,    8) (   8,    8) (   8,    8) (   8,    8) (   8,    8) (   8,    8) (   8,    8) (   8,    8) (   8,    8)
          (   8,    8) (   8,    8) (   8,    8) (   8,    8) (   8,    8) (   8,    8) (   8,    8) (   8,    8) (   8,    8) (   8,    8)
          (   8,    8) (   8,    8) (   8,    8) (   8,    8) (   8,    8) (   8,    8) (   8,    8) (   8,    8) (   8,    8) (   8,    8)
          (   8,    8) (   8,    8) (   8,    8) (   8,    8) (   8,    8) (   8,    8) (   8,    8) (   8,    8) (   8,    8) (   8,    8)
          (   8,    8) (   8,    8) (   8,    8) (   8,    8) (   8,    8) (   8,    8) (   8,    8) (   8,    8) (   8,    8) (   8,    8)
          (   8,    8) (   8,    8) (   8,    8) (   8,    8) (   8,    8) (   8,    8) (   8,    8) (   8,    8) (   8,    8) (   8,    8)
          (   8,    8) (   8,    8) (   8,    8) (   8,    8) (   8,    8) (   8,    8) (   8,    8) (   8,    8) (   8,    8) (   8,    8)
          (   8,    8) (   8,    8) (   8,    8) (   8,    8) (   8,    8) (   8,    8) (   8,    8) (   8,    8) (   8,    8) (   8,    8)
          (   8,    8) (   8,    8) (   8,    8) (   8,    8) (   8,    8) (   8,    8) (   8,    8) (   8,    8) (   8,    8) (   8,    8)
          (   8,    8) (   8,    8) (   8,    8) (   8,    8) (   8,    8) (   8,    8) (   8,    8) (   8,    8) (   8,    8) (   8,    8)
          (   8,    8) (   8,    8) (   8,    8) (   8,    8) (   8,    8) (   8,    8) (   8,    8) (   8,    8) (   8,    8) (   8,    8)
          (   8,    8) (   8,    8) (   8,    8) (   8,    8) (   8,    8) (   8,    8) (   8,    8) (   8,    8) (   8,    8) (   8,    8)
          (   8,    8) (   8,    8) (   8,    8) (   8,    8) (   8,    8) (   8,    8) (   8,    8) (   8,    8) (   8,    8) (   8,    8)
          (   8,    8) (   8,    8) (   8,    8) (   8,    8) (   8,    8) (   8,    8) (   8,    8) (   8,    8) (   8,    8) (   8,    8)
          (   8,    8) (   8,    8) (   8,    8) (   8,    8) (   8,    8) (   8,    8) (   8,    8) (   8,    8) (   8,    8) (   8,    8)
          (   8,    8) (   8,    8) (   8,    8) (   8,    8) (   8,    8) (   8,    8) (   8,    8) (   8,    8) (   8,    8) (   8,    8)
          (   8,    8) (   8,    8) (   8,    8) (   8,    8) (   8,    8) (   8,    8) (   8,    8) (   8,    8) (   8,    8) (   8,    8)
          (   8,    8) (   8,    8) (   8,    8) (   8,    8) (   8,    8) (   8,    8) (   8,    8) (   8,    8) (   8,    8) (   8,    8)
          (   8,    8) (   8,    8) (   8,    8) (   8,    8) (   8,    8) (   8,    8) (   8,    8) (   8,    8) (   8,    8) (   8,    8)
          (   8,    8) (   8,    8) (   8,    8) (   8,    8) (   8,    8) (   8,    8) (   8,    8) (   8,    8) (   8,    8) (   8,    8)
          (   8,    8) (   8,    8) (   8,    8) (   8,    8) (   8,    8) (   8,    8) (   8,    8) (   8,    8) (   8,    8) (   8,    8)
          (   8,    8) (   8,    8) (   8,    8) (   8,    8) (   8,    8) (   8,    8) (   8,    8) (   8,    8) (   8,    8) (   8,    8)
          (   8,    8) (   8,    8) (   8,    8) (   8,    8) (   8,    8) (   8,    8) (   8,    8) (   8,    8) (   8,    8) (   8,    8)
          (   8,    8) (   8,    8) (   8,    8) (   8,    8) (   8,    8) (   8,    8) (   8,    8) (   8,    8) (   8,    8) (   8,    8)
          (   8,    8) (   8,    8) (   8,    8) (   8,    8) (   8,    8) (   8,    8) (   8,    8) (   8,    8) (   8,    8) (   8,    8)
          (   8,    8) (   8,    8) (   8,    8) (   8,    8) (   8,    8) (   8,    8) (   8,    8) (   8,    8) (   8,    8) (   8,    8)
          (   8,    8) (   8,    8) (   8,    8) (   8,    8) (   8,    8) (   8,    8) (   8,    8) (   8,    8) (   8,    8) (   8,    8)
          (   8,    8) (   8,    8) (   8,    8) (   8,    8) (   8,    8) (   8,    8) (   8,    8) (   8,    8) (   8,    8) (   8,    8)
          (   8,    8) (   8,    8) (   8,    8) (   8,    8) (   8,    8) (   8,    8) (   8,    8) (   8,    8) (   8,    8) (   8,    8)
          (   8,    8) (   8,    8) (   8,    8) (   8,    8) (   8,    8) (   8,    8) (   8,    8) (   8,    8) (   8,    8) (   8,    8)
         
node   1 sent_total   5518  recv_total   5467

node   2  (   1,    0) (   0,    0) (   2,    2) (   4,    4) (   8,    8) (  10,   10) (  10,   10) (  10,   10) (  10,   10) (  10,   10)
          (  10,   10) (  10,   10) (  10,   10) (  10,   10) (  10,   10) (  10,   10) (  10,   10) (  10,   10) (  10,   10) (  10,   10)
          (  10,   10) (  10,   10) (  10,   10) (  10,   10) (  10,   10) (  10,   10) (  10,   10) (  10,   10) (  10,   10) (  10,   10)
          (  10,   10) (  10,   10) (  10,   10) (  10,   10) (  10,   10) (  10,   10) (  10,   10) (  10,   10) (  10,   10) (  10,   10)
          (  10,   10) (  10,   10) (  10,   10) (  10,   10) (  10,   10) (  10,   10) (  10,   10) (  10,   10) (  10,   10) (  10,   10)
          (  10,   10) (   9,   10) (   8,   10) (  10,    8) (  10,    9) (   7,   10) (   9,   10) (  10,    8) (  10,   10) (   9,   10)
          (  10,   10) (   9,   10) (   9,   10) (   9,    8) (   9,    7) (  10,    6) (   9,   10) (  10,    9) (  10,    8) (  10,    8)
          (   8,    9) (   9,    8) (  10,    8) (   9,    9) (  10,    8) (   9,    8) (  10,    9) (   8,   10) (  10,    9) (   9,    9)
          (   9,    7) (   9,    9) (   5,   10) (   9,    8) (   8,    9) (   9,    9) (   8,    9) (  10,   10) (   8,   10) (   9,    8)
          (  10,    9) (   9,    9) (  10,    7) (  10,   10) (   8,   10) (  10,    8) (  10,    8) (  10,    9) (   8,   10) (   7,    8)
          (   9,    8) (  10,   10) (   8,    9) (  10,    8) (   9,    8) (  10,    8) (   9,    8) (   9,    8) (  10,    9) (  10,    8)
          (   9,    8) (   8,    6) (   6,    9) (   8,    8) (   8,    8) (  10,    9) (   9,    7) (   9,    9) (   9,    9) (  10,    8)
          (  10,    8) (   8,    9) (   7,    9) (   8,    9) (   8,    9) (   8,    8) (   9,    7) (   9,    8) (   9,    7) (   7,    9)
          (   6,    7) (   9,    9) (   8,    8) (   5,    9) (   8,    7) (   8,    9) (   9,    8) (   9,    8) (   9,    9) (   8,    7)
          (   8,    9) (   9,    9) (   9,    9) (   7,    8) (   8,    8) (   8,    8) (   8,    9) (   9,    9) (   7,    7) (   8,    7)
          (   8,    9) (   8,    8) (   7,    7) (   9,    8) (   8,    9) (   9,    9) (   8,    9) (   8,    9) (   9,    8) (   9,    9)
          (   8,    9) (   9,    9) (   8,    9) (   9,    7) (   8,    8) (   8,    7) (   9,    8) (   9,    7) (   9,    8) (   9,    7)
          (   7,    8) (   8,    7) (   9,    8) (   8,    8) (   6,    8) (   8,    8) (   9,    8) (   7,    7) (   9,    9) (   9,    8)
          (   9,    8) (   9,    7) (   8,    9) (   9,    8) (   9,    8) (   9,    8) (   9,    9) (   9,    8) (   9,    9) (   8,    8)
          (   9,    7) (   8,    7) (   7,    8) (   8,    9) (   9,    9) (   7,    9) (   8,    9) (   8,    8) (   8,    6) (   8,    9)
          (   9,    8) (   7,    9) (   7,    9) (   9,    6) (   8,    9) (   8,    9) (   8,    9) (   8,    7) (   6,    8) (   7,    8)
          (   8,    8) (   9,    8) (   8,    8) (   5,    8) (   6,    8) (   9,    8) (   8,    8) (   8,    9) (   9,    7) (   9,    8)
          (   8,    8) (   9,    9) (   8,    9) (   6,    9) (   8,    7) (   9,    8) (   8,    9) (   8,    8) (   9,    7) (   8,    9)
          (   6,    9) (   9,    8) (   9,    9) (   9,    8) (   7,    8) (   6,    9) (   5,    7) (   9,    6) (   9,    9) (   9,    8)
          (   8,    9) (   9,    8) (   8,    9) (   9,    7) (   9,    9) (   8,    8) (   8,    7) (   9,    8) (   8,    8) (   9,    9)
          (   9,    9) (   9,    7) (   9,    9) (   8,    9) (   9,    7) (   8,    8) (   8,    8) (   8,    9) (   9,    7) (   8,    8)
          (   7,    9) (   7,    9) (   8,    9) (   7,    9) (   8,    8) (   8,    8) (   8,    9) (   9,    8) (   8,    9) (   7,    9)
          (   8,    7) (   8,    8) (   8,    8) (   8,    8) (   7,    9) (   9,    7) (   7,    9) (   6,    8) (   9,    7) (   7,    9)
          (   8,    9) (   8,    7) (   9,    6) (   9,    9) (   8,    5) (   7,    9) (   8,    8) (   8,    7) (   8,    8) (   9,    6)
          (   9,    8) (   7,    8) (   8,    9) (   8,    5) (   8,    8) (   7,    8) (   9,    8) (   8,    8) (   8,    9) (   8,    7)
          (   8,    9) (   9,    8) (   9,    9) (   9,    9) (   9,    9) (   9,    9) (   9,    9) (   9,    9) (   9,    9) (   9,    9)
          (   9,    9) (   9,    9) (   9,    9) (   9,    9) (   9,    9) (   9,    9) (   9,    9) (   9,    9) (   9,    9) (   9,    9)
          (   9,    9) (   9,    9) (   9,    9) (   9,    9) (   9,    9) (   9,    9) (   9,    9) (   9,    9) (   9,    9) (   9,    9)
          (   9,    9) (   9,    9) (   9,    9) (   9,    9) (   9,    9) (   9,    9) (   9,    9) (   9,    9) (   9,    9) (   9,    9)
          (   9,    9) (   9,    9) (   9,    9) (   9,    9) (   9,    9) (   9,    9) (   9,    9) (   9,    9) (   9,    9) (   9,    9)
          (   9,    9) (   9,    9) (   9,    9) (   9,    9) (   9,    9) (   9,    9) (   9,    9) (   9,    9) (   9,    9) (   9,    9)
          (   9,    9) (   9,    9) (   9,    9) (   9,    9) (   9,    9) (   9,    9) (   9,    9) (   9,    9) (   9,    9) (   9,    9)
          (   9,    9) (   9,    9) (   9,    9) (   9,    9) (   9,    9) (   9,    9) (   9,    9) (   9,    9) (   9,    9) (   9,    9)
          (   9,    9) (   9,    9) (   9,    9) (   9,    9) (   9,    9) (   9,    9) (   9,    9) (   9,    9) (   9,    9) (   9,    9)
          (   9,    9) (   9,    9) (   9,    9) (   9,    9) (   9,    9) (   9,    9) (   9,    9) (   9,    9) (   9,    9) (   9,    9)
          (   9,    9) (   9,    9) (   9,    9) (   9,    9) (   9,    9) (   9,    9) (   9,    9) (   9,    9) (   9,    9) (   9,    9)
          (   9,    9) (   9,    9) (   9,    9) (   9,    9) (   9,    9) (   9,    9) (   9,    9) (   9,    9) (   9,    9) (   9,    9)
          (   9,    9) (   9,    9) (   9,    9) (   9,    9) (   9,    9) (   9,    9) (   9,    9) (   9,    9) (   9,    9) (   9,    9)
          (   9,    9) (   9,    9) (   9,    9) (   9,    9) (   9,    9) (   9,    9) (   9,    9) (   9,    9) (   9,    9) (   9,    9)
          (   9,    9) (   9,    9) (   9,    9) (   9,    9) (   9,    9) (   9,    9) (   9,    9) (   9,    9) (   9,    9) (   9,    9)
          (   9,    9) (   9,    9) (   9,    9) (   9,    9) (   9,    9) (   9,    9) (   9,    9) (   9,    9) (   9,    9) (   9,    9)
          (   9,    9) (   9,    9) (   9,    9) (   9,    9) (   9,    9) (   9,    9) (   9,    9) (   9,    9) (   9,    9) (   9,    9)
          (   9,    9) (   9,    9) (   9,    9) (   9,    9) (   9,    9) (   9,    9) (   9,    9) (   9,    9) (   9,    9) (   9,    9)
          (   9,    9) (   9,    9) (   9,    9) (   9,    9) (   9,    9) (   9,    9) (   9,    9) (   9,    9) (   9,    9) (   9,    9)
          (   9,    9) (   9,    9) (   9,    9) (   9,    9) (   9,    9) (   9,    9) (   9,    9) (   9,    9) (   9,    9) (   9,    9)
          (   9,    9) (   9,    9) (   9,    9) (   9,    9) (   9,    9) (   9,    9) (   9,    9) (   9,    9) (   9,    9) (   9,    9)
          (   9,    9) (   9,    9) (   9,    9) (   9,    9) (   9,    9) (   9,    9) (   9,    9) (   9,    9) (   9,    9) (   9,    9)
          (   9,    9) (   9,    9) (   9,    9) (   9,    9) (   9,    9) (   9,    9) (   9,    9) (   9,    9) (   9,    9) (   9,    9)
          (   9,    9) (   9,    9) (   9,    9) (   9,    9) (   9,    9) (   9,    9) (   9,    9) (   9,    9) (   9,    9) (   9,    9)
          (   9,    9) (   9,    9) (   9,    9) (   9,    9) (   9,    9) (   9,    9) (   9,    9) (   9,    9) (   9,    9) (   9,    9)
          (   9,    9) (   9,    9) (   9,    9) (   9,    9) (   9,    9) (   9,    9) (   9,    9) (   9,    9) (   9,    9) (   9,    9)
          (   9,    9) (   9,    9) (   9,    9) (   9,    9) (   9,    9) (   9,    9) (   9,    9) (   9,    9) (   9,    9) (   9,    9)
          (   9,    9) (   9,    9) (   9,    9) (   9,    9) (   9,    9) (   9,    9) (   9,    9) (   9,    9) (   9,    9) (   9,    9)
          (   9,    9) (   9,    9) (   9,    9) (   9,    9) (   9,    9) (   9,    9) (   9,    9) (   9,    9) (   9,    9) (   9,    9)
          (   9,    9) (   9,    9) (   9,    9) (   9,    9) (   9,    9) (   9,    9) (   9,    9) (   9,    9) (   9,    9) (   9,    9)
          (   9,    9) (   9,    9) (   9,    9) (   9,    9) (   9,    9) (   9,    9) (   9,    9) (   9,    9) (   9,    9) (   9,    9)
          (   9,    9) (   9,    9) (   9,    9) (   9,    9) (   9,    9) (   9,    9) (   9,    9) (   9,    9) (   9,    9) (   9,    9)
          (   9,    9) (   9,    9) (   9,    9) (   9,    9) (   9,    9) (   9,    9) (   9,    9) (   9,    9) (   9,    9) (   9,    9)
          (   9,    9) (   9,    9) (   9,    9) (   9,    9) (   9,    9) (   9,    9) (   9,    9) (   9,    9) (   9,    9) (   9,    9)
          (   9,    9) (   9,    9) (   9,    9) (   9,    9) (   9,    9) (   9,    9) (   9,    9) (   9,    9) (   9,    9) (   9,    9)
          (   9,    9) (   9,    9) (   9,    9) (   9,    9) (   9,    9) (   9,    9) (   9,    9) (   9,    9) (   9,    9) (   9,    9)
          (   9,    9) (   9,    9) (   9,    9) (   9,    9) (   9,    9) (   9,    9) (   9,    9) (   9,    9) (   9,    9) (   9,    9)
          (   9,    9) (   9,    9) (   9,    9) (   9,    9) (   9,    9) (   9,    9) (   9,    9) (   9,    9) (   9,    9) (   9,    9)
          (   9,    9) (   9,    9) (   9,    9) (   9,    9) (   9,    9) (   9,    9) (   9,    9) (   9,    9) (   9,    9) (   9,    9)
          (   9,    9) (   9,    9) (   9,    9) (   9,    9) (   9,    9) (   9,    9) (   9,    9) (   9,    9) (   9,    9) (   9,    9)
         
node   2 sent_total   6160  recv_total   6134

node   3  (   1,    0) (   0,    0) (   3,    2) (   4,    3) (   8,    8) (  10,   10) (  10,   10) (  10,   10) (  10,   10) (  10,   10)
          (  10,   10) (  10,   10) (  10,   10) (  10,   10) (  10,   10) (  10,   10) (  10,   10) (  10,   10) (  10,   10) (  10,   10)
          (  10,   10) (  10,   10) (  10,   10) (  10,   10) (  10,   10) (  10,   10) (  10,   10) (  10,   10) (  10,   10) (  10,   10)
          (  10,   10) (  10,   10) (  10,   10) (  10,   10) (  10,   10) (  10,   10) (  10,   10) (  10,   10) (  10,   10) (  10,   10)
          (  10,   10) (  10,   10) (  10,   10) (  10,   10) (  10,   10) (  10,   10) (  10,   10) (  10,   10) (  10,   10) (  10,   10)
          (  10,   10) (   9,   10) (   9,    7) (  10,    9) (   7,   10) (  10,    8) (   9,    8) (   9,    7) (   9,    9) (   9,   10)
          (  10,    9) (  10,   10) (   9,    7) (  10,    8) (  10,   10) (   7,    8) (   9,   10) (   8,    9) (   6,   10) (   9,    8)
          (   9,    9) (   9,    9) (   8,    9) (  10,    8) (  10,    9) (   8,    9) (   7,    9) (   9,    9) (   9,   10) (   9,    9)
          (   8,    9) (   9,   10) (   8,   10) (  10,   10) (   8,   10) (   8,    9) (   9,    8) (  10,    8) (   8,    9) (   8,   10)
          (   9,   10) (   7,   10) (  10,    7) (  10,   10) (   9,   10) (  10,   10) (   9,    9) (  10,    9) (   7,   10) (   9,   10)
          (   9,    8) (   8,    9) (  10,    8) (  10,    8) (   8,    8) (  10,    9) (   9,    9) (  10,    7) (   8,    9) (   9,    7)
          (   9,    9) (   9,    8) (  10,    8) (   9,    8) (  10,    9) (   9,    7) (  10,    7) (  10,    9) (  10,    8) (   9,    7)
          (  10,    9) (   8,    9) (   9,    9) (   9,    9) (   8,    8) (   7,    8) (   7,    7) (   8,    7) (   8,    8) (   8,    9)
          (   9,    9) (   9,    8) (   9,    7) (   8,    6) (   8,    7) (   8,    8) (   6,    7) (   6,    8) (   9,    7) (   8,    9)
          (   9,    7) (   8,    9) (   9,    8) (   9,    9) (   9,    9) (   8,    9) (   8,    8) (   8,    4) (   8,    9) (   9,    8)
          (   8,    8) (   9,    9) (   9,    7) (   9,    8) (   7,    7) (   8,    6) (   9,    8) (   9,    9) (   9,    7) (   6,    8)
          (   8,    8) (   9,    9) (   7,    9) (   8,    9) (   8,    9) (   6,    9) (   8,    7) (   8,    8) (   9,    8) (   8,    9)
          (   9,    9) (   9,    8) (   7,    9) (   9,    8) (   8,    7) (   8,    8) (   8,    7) (   8,    8) (   7,    6) (   9,    9)
          (   8,    7) (   7,    9) (   8,    9) (   8,    7) (   9,    8) (   9,    9) (   9,    9) (   7,    9) (   9,    9) (   8,    9)
          (   6,    8) (   8,    9) (   9,    9) (   9,    8) (   7,    8) (   8,    7) (   8,    8) (   9,    9) (   8,    9) (   6,    9)
          (   9,    9) (   8,    8) (   8,    9) (   8,    7) (   7,    9) (   9,    7) (   7,    6) (   9,    8) (   8,    8) (   8,    8)
          (   7,    8) (   7,    9) (   8,    9) (   8,    8) (   8,    9) (   8,    8) (   8,    8) (   9,    9) (   8,    9) (   7,    8)
          (   9,    7) (   9,    9) (   7,    9) (   8,    5) (   7,    8) (   6,    9) (   8,    9) (   8,    9) (   7,    7) (   8,    9)
          (   9,    9) (   8,    9) (   5,    9) (   9,    7) (   8,    9) (   8,    8) (   7,    7) (   8,    8) (   8,    7) (   9,    6)
          (   9,    9) (   8,    9) (   7,    8) (   8,    8) (   8,    9) (   8,    9) (   7,    6) (   8,    8) (   9,    8) (   8,    9)
          (   9,    9) (   8,    9) (   9,    7) (   7,    8) (   9,    7) (   8,    8) (   8,    9) (   8,    9) (   8,    9) (   9,    7)
          (   7,    9) (   8,    7) (   9,    8) (   8,    8) (   9,    9) (   9,    9) (   6,    9) (   8,    8) (   9,    7) (   8,    8)
          (   7,    7) (   8,    9) (   7,    9) (   6,    8) (   8,    8) (   8,    9) (   8,    6) (   7,    8) (   9,    8) (   7,    8)
          (   8,    8) (   9,    9) (   8,    8) (   9,    8) (   8,    8) (   7,    9) (   9,    8) (   8,    9) (   8,    8) (   9,    9)
          (   7,    8) (   8,    9) (   7,    9) (   8,    8) (   9,    8) (   6,    7) (   9,    8) (   8,    8) (   9,    7) (   9,    8)
          (   8,    8) (   9,    7) (   9,    9) (   9,    9) (   9,    9) (   9,    9) (   9,    9) (   9,    9) (   9,    9) (   9,    9)
          (   9,    9) (   9,    9) (   9,    9) (   9,    9) (   9,    9) (   9,    9) (   9,    9) (   9,    9) (   9,    9) (   9,    9)
          (   9,    9) (   9,    9) (   9,    9) (   9,    9) (   9,    9) (   9,    9) (   9,    9) (   9,    9) (   9,    9) (   9,    9)
          (   9,    9) (   9,    9) (   9,    9) (   9,    9) (   9,    9) (   9,    9) (   9,    9) (   9,    9) (   9,    9) (   9,    9)
          (   9,    9) (   9,    9) (   9,    9) (   9,    9) (   9,    9) (   9,    9) (   9,    9) (   9,    9) (   9,    9) (   9,    9)
          (   9,    9) (   9,    9) (   9,    9) (   9,    9) (   9,    9) (   9,    9) (   9,    9) (   9,    9) (   9,    9) (   9,    9)
          (   9,    9) (   9,    9) (   9,    9) (   9,    9) (   9,    9) (   9,    9) (   9,    9) (   9,    9) (   9,    9) (   9,    9)
          (   9,    9) (   9,    9) (   9,    9) (   9,    9) (   9,    9) (   9,    9) (   9,    9) (   9,    9) (   9,    9) (   9,    9)
          (   9,    9) (   9,    9) (   9,    9) (   9,    9) (   9,    9) (   9,    9) (   9,    9) (   9,    9) (   9,    9) (   9,    9)
          (   9,    9) (   9,    9) (   9,    9) (   9,    9) (   9,    9) (   9,    9) (   9,    9) (   9,    9) (   9,    9) (   9,    9)
          (   9,    9) (   9,    9) (   9,    9) (   9,    9) (   9,    9) (   9,    9) (   9,    9) (   9,    9) (   9,    9) (   9,    9)
          (   9,    9) (   9,    9) (   9,    9) (   9,    9) (   9,    9) (   9,    9) (   9,    9) (   9,    9) (   9,    9) (   9,    9)
          (   9,    9) (   9,    9) (   9,    9) (   9,    9) (   9,    9) (   9,    9) (   9,    9) (   9,    9) (   9,    9) (   9,    9)
          (   9,    9) (   9,    9) (   9,    9) (   9,    9) (   9,    9) (   9,    9) (   9,    9) (   9,    9) (   9,    9) (   9,    9)
          (   9,    9) (   9,    9) (   9,    9) (   9,    9) (   9,    9) (   9,    9) (   9,    9) (   9,    9) (   9,    9) (   9,    9)
          (   9,    9) (   9,    9) (   9,    9) (   9,    9) (   9,    9) (   9,    9) (   9,    9) (   9,    9) (   9,    9) (   9,    9)
          (   9,    9) (   9,    9) (   9,    9) (   9,    9) (   9,    9) (   9,    9) (   9,    9) (   9,    9) (   9,    9) (   9,    9)
          (   9,    9) (   9,    9) (   9,    9) (   9,    9) (   9,    9) (   9,    9) (   9,    9) (   9,    9) (   9,    9) (   9,    9)
          (   9,    9) (   9,    9) (   9,    9) (   9,    9) (   9,    9) (   9,    9) (   9,    9) (   9,    9) (   9,    9) (   9,    9)
          (   9,    9) (   9,    9) (   9,    9) (   9,    9) (   9,    9) (   9,    9) (   9,    9) (   9,    9) (   9,    9) (   9,    9)
          (   9,    9) (   9,    9) (   9,    9) (   9,    9) (   9,    9) (   9,    9) (   9,    9) (   9,    9) (   9,    9) (   9,    9)
          (   9,    9) (   9,    9) (   9,    9) (   9,    9) (   9,    9) (   9,    9) (   9,    9) (   9,    9) (   9,    9) (   9,    9)
          (   9,    9) (   9,    9) (   9,    9) (   9,    9) (   9,    9) (   9,    9) (   9,    9) (   9,    9) (   9,    9) (   9,    9)
          (   9,    9) (   9,    9) (   9,    9) (   9,    9) (   9,    9) (   9,    9) (   9,    9) (   9,    9) (   9,    9) (   9,    9)
          (   9,    9) (   9,    9) (   9,    9) (   9,    9) (   9,    9) (   9,    9) (   9,    9) (   9,    9) (   9,    9) (   9,    9)
          (   9,    9) (   9,    9) (   9,    9) (   9,    9) (   9,    9) (   9,    9) (   9,    9) (   9,    9) (   9,    9) (   9,    9)
          (   9,    9) (   9,    9) (   9,    9) (   9,    9) (   9,    9) (   9,    9) (   9,    9) (   9,    9) (   9,    9) (   9,    9)
          (   9,    9) (   9,    9) (   9,    9) (   9,    9) (   9,    9) (   9,    9) (   9,    9) (   9,    9) (   9,    9) (   9,    9)
          (   9,    9) (   9,    9) (   9,    9) (   9,    9) (   9,    9) (   9,    9) (   9,    9) (   9,    9) (   9,    9) (   9,    9)
          (   9,    9) (   9,    9) (   9,    9) (   9,    9) (   9,    9) (   9,    9) (   9,    9) (   9,    9) (   9,    9) (   9,    9)
          (   9,    9) (   9,    9) (   9,    9) (   9,    9) (   9,    9) (   9,    9) (   9,    9) (   9,    9) (   9,    9) (   9,    9)
          (   9,    9) (   9,    9) (   9,    9) (   9,    9) (   9,    9) (   9,    9) (   9,    9) (   9,    9) (   9,    9) (   9,    9)
          (   9,    9) (   9,    9) (   9,    9) (   9,    9) (   9,    9) (   9,    9) (   9,    9) (   9,    9) (   9,    9) (   9,    9)
          (   9,    9) (   9,    9) (   9,    9) (   9,    9) (   9,    9) (   9,    9) (   9,    9) (   9,    9) (   9,    9) (   9,    9)
          (   9,    9) (   9,    9) (   9,    9) (   9,    9) (   9,    9) (   9,    9) (   9,    9) (   9,    9) (   9,    9) (   9,    9)
          (   9,    9) (   9,    9) (   9,    9) (   9,    9) (   9,    9) (   9,    9) (   9,    9) (   9,    9) (   9,    9) (   9,    9)
          (   9,    9) (   9,    9) (   9,    9) (   9,    9) (   9,    9) (   9,    9) (   9,    9) (   9,    9) (   9,    9) (   9,    9)
          (   9,    9) (   9,    9) (   9,    9) (   9,    9) (   9,    9) (   9,    9) (   9,    9) (   9,    9) (   9,    9) (   9,    9)
          (   9,    9) (   9,    9) (   9,    9) (   9,    9) (   9,    9) (   9,    9) (   9,    9) (   9,    9) (   9,    9) (   9,    9)
          (   9,    9) (   9,    9) (   9,    9) (   9,    9) (   9,    9) (   9,    9) (   9,    9) (   9,    9) (   9,    9) (   9,    9)
         
node   3 sent_total   6142  recv_total   6141

node   4  (   1,    0) (   0,    0) (   4,    2) (   4,    2) (   8,    8) (  10,   10) (  10,   10) (  10,   10) (  10,   10) (  10,   10)
          (  10,   10) (  10,   10) (  10,   10) (  10,   10) (  10,   10) (  10,   10) (  10,   10) (  10,   10) (  10,   10) (  10,   10)
          (  10,   10) (  10,   10) (  10,   10) (  10,   10) (  10,   10) (  10,   10) (  10,   10) (  10,   10) (  10,   10) (  10,   10)
          (  10,   10) (  10,   10) (  10,   10) (  10,   10) (  10,   10) (  10,   10) (  10,   10) (  10,   10) (  10,   10) (  10,   10)
          (  10,   10) (  10,   10) (  10,   10) (  10,   10) (  10,   10) (  10,   10) (  10,   10) (  10,   10) (  10,   10) (  10,   10)
          (  10,   10) (  10,   10) (  10,    9) (   9,    8) (   9,   10) (   9,    9) (   9,    9) (   9,   10) (   9,    8) (  10,    8)
          (  10,    9) (   7,   10) (   9,    8) (  10,    9) (   8,    8) (  10,   10) (   9,    8) (   9,    9) (   9,    9) (   9,    8)
          (   7,    8) (   8,   10) (   8,    7) (   8,   10) (   9,    9) (  10,    9) (   9,   10) (  10,    8) (  10,   10) (   7,    7)
          (  10,    8) (  10,   10) (  10,    9) (   8,   10) (   6,    7) (  10,    7) (   9,    9) (   9,    8) (  10,   10) (   8,    9)
          (  10,    9) (   9,    9) (  10,    9) (  10,    9) (   9,   10) (  10,    9) (   9,   10) (   9,    8) (   9,    8) (  10,   10)
          (  10,    9) (   9,   10) (   8,    8) (  10,    9) (   9,    8) (   9,    8) (  10,    9) (   9,    9) (  10,    7) (  10,    9)
          (   8,    8) (  10,    8) (   9,    9) (   8,    6) (   9,    8) (   8,    8) (   9,    6) (   9,    7) (  10,    9) (  10,    9)
          (  10,    9) (   8,    7) (   8,    8) (   9,    8) (   7,    8) (   9,    4) (   5,    9) (   9,    8) (   9,    9) (   9,    8)
          (   7,    7) (   8,    8) (   8,    9) (   9,    7) (   9,    9) (   8,    9) (   9,    8) (   8,    9) (   9,    9) (   7,    9)
          (   8,    8) (   9,    9) (   8,    9) (   8,    8) (   6,    7) (   8,    8) (   8,    8) (   9,    9) (   7,    8) (   8,    7)
          (   8,    8) (   9,    6) (   9,    9) (   6,    9) (   7,    8) (   7,    9) (   8,    9) (   9,    9) (   8,    8) (   9,    8)
          (   8,    7) (   9,    7) (   9,    8) (   9,    8) (   8,    9) (   8,    8) (   8,    8) (   7,    8) (   7,    9) (   8,    9)
          (   8,    9) (   8,    8) (   8,    7) (   7,    8) (   9,    8) (   8,    9) (   9,    8) (   7,    8) (   8,    8) (   9,    9)
          (   9,    9) (   8,    9) (   8,    9) (   8,    8) (   7,    8) (   9,    8) (   7,    8) (   8,    7) (   9,    7) (   8,    8)
          (   9,    9) (   8,    6) (   8,    7) (   7,    7) (   9,    7) (   8,    7) (   7,    9) (   8,    8) (   9,    8) (   8,    9)
          (   9,    7) (   7,    8) (   6,    9) (   9,    9) (   8,    7) (   7,    8) (   7,    7) (   8,    9) (   8,    7) (   9,    8)
          (   8,    8) (   8,    8) (   8,    8) (   9,    6) (   9,    6) (   7,    8) (   8,    9) (   7,    7) (   9,    7) (   7,    8)
          (   9,    8) (   9,    8) (   7,    8) (   9,    9) (   8,    9) (   8,    7) (   7,    7) (   7,    8) (   9,    9) (   8,    8)
          (   9,    9) (   8,    9) (   8,    9) (   9,    7) (   8,    9) (   8,    7) (   8,    8) (   8,    8) (   9,    8) (   9,    7)
          (   9,    9) (   9,    9) (   9,    8) (   8,    7) (   8,    8) (   7,    8) (   9,    9) (   8,    8) (   9,    8) (   8,    9)
          (   6,    8) (   8,    7) (   9,    6) (   7,    8) (   9,    9) (   8,    9) (   9,    8) (   9,    9) (   9,    9) (   8,    8)
          (   9,    8) (   9,    8) (   9,    8) (   9,    8) (   8,    7) (   9,    7) (   7,    7) (   9,    7) (   9,    7) (   8,    9)
          (   8,    8) (   8,    6) (   8,    7) (   8,    8) (   8,    7) (   9,    6) (   8,    7) (   8,    9) (   6,    8) (   9,    8)
          (   9,    8) (   7,    8) (   7,    9) (   6,    9) (   9,    9) (   7,    6) (   8,    8) (   9,    9) (   8,    8) (   8,    8)
          (   7,    7) (   9,    7) (   7,    6) (   9,    9) (   9,    8) (   9,    8) (   8,    8) (   7,    9) (   8,    8) (   9,    8)
          (   7,    9) (   9,    9) (   9,    9) (   9,    9) (   9,    9) (   9,    9) (   9,    9) (   9,    9) (   9,    9) (   9,    9)
          (   9,    9) (   9,    9) (   9,    9) (   9,    9) (   9,    9) (   9,    9) (   9,    9) (   9,    9) (   9,    9) (   9,    9)
          (   9,    9) (   9,    9) (   9,    9) (   9,    9) (   9,    9) (   9,    9) (   9,    9) (   9,    9) (   9,    9) (   9,    9)
          (   9,    9) (   9,    9) (   9,    9) (   9,    9) (   9,    9) (   9,    9) (   9,    9) (   9,    9) (   9,    9) (   9,    9)
          (   9,    9) (   9,    9) (   9,    9) (   9,    9) (   9,    9) (   9,    9) (   9,    9) (   9,    9) (   9,    9) (   9,    9)
          (   9,    9) (   9,    9) (   9,    9) (   9,    9) (   9,    9) (   9,    9) (   9,    9) (   9,    9) (   9,    9) (   9,    9)
          (   9,    9) (   9,    9) (   9,    9) (   9,    9) (   9,    9) (   9,    9) (   9,    9) (   9,    9) (   9,    9) (   9,    9)
          (   9,    9) (   9,    9) (   9,    9) (   9,    9) (   9,    9) (   9,    9) (   9,    9) (   9,    9) (   9,    9) (   9,    9)
          (   9,    9) (   9,    9) (   9,    9) (   9,    9) (   9,    9) (   9,    9) (   9,    9) (   9,    9) (   9,    9) (   9,    9)
          (   9,    9) (   9,    9) (   9,    9) (   9,    9) (   9,    9) (   9,    9) (   9,    9) (   9,    9) (   9,    9) (   9,    9)
          (   9,    9) (   9,    9) (   9,    9) (   9,    9) (   9,    9) (   9,    9) (   9,    9) (   9,    9) (   9,    9) (   9,    9)
          (   9,    9) (   9,    9) (   9,    9) (   9,    9) (   9,    9) (   9,    9) (   9,    9) (   9,    9) (   9,    9) (   9,    9)
          (   9,    9) (   9,    9) (   9,    9) (   9,    9) (   9,    9) (   9,    9) (   9,    9) (   9,    9) (   9,    9) (   9,    9)
          (   9,    9) (   9,    9) (   9,    9) (   9,    9) (   9,    9) (   9,    9) (   9,    9) (   9,    9) (   9,    9) (   9,    9)
          (   9,    9) (   9,    9) (   9,    9) (   9,    9) (   9,    9) (   9,    9) (   9,    9) (   9,    9) (   9,    9) (   9,    9)
          (   9,    9) (   9,    9) (   9,    9) (   9,    9) (   9,    9) (   9,    9) (   9,    9) (   9,    9) (   9,    9) (   9,    9)
          (   9,    9) (   9,    9) (   9,    9) (   9,    9) (   9,    9) (   9,    9) (   9,    9) (   9,    9) (   9,    9) (   9,    9)
          (   9,    9) (   9,    9) (   9,    9) (   9,    9) (   9,    9) (   9,    9) (   9,    9) (   9,    9) (   9,    9) (   9,    9)
          (   9,    9) (   9,    9) (   9,    9) (   9,    9) (   9,    9) (   9,    9) (   9,    9) (   9,    9) (   9,    9) (   9,    9)
          (   9,    9) (   9,    9) (   9,    9) (   9,    9) (   9,    9) (   9,    9) (   9,    9) (   9,    9) (   9,    9) (   9,    9)
          (   9,    9) (   9,    9) (   9,    9) (   9,    9) (   9,    9) (   9,    9) (   9,    9) (   9,    9) (   9,    9) (   9,    9)
          (   9,    9) (   9,    9) (   9,    9) (   9,    9) (   9,    9) (   9,    9) (   9,    9) (   9,    9) (   9,    9) (   9,    9)
          (   9,    9) (   9,    9) (   9,    9) (   9,    9) (   9,    9) (   9,    9) (   9,    9) (   9,    9) (   9,    9) (   9,    9)
          (   9,    9) (   9,    9) (   9,    9) (   9,    9) (   9,    9) (   9,    9) (   9,    9) (   9,    9) (   9,    9) (   9,    9)
          (   9,    9) (   9,    9) (   9,    9) (   9,    9) (   9,    9) (   9,    9) (   9,    9) (   9,    9) (   9,    9) (   9,    9)
          (   9,    9) (   9,    9) (   9,    9) (   9,    9) (   9,    9) (   9,    9) (   9,    9) (   9,    9) (   9,    9) (   9,    9)
          (   9,    9) (   9,    9) (   9,    9) (   9,    9) (   9,    9) (   9,    9) (   9,    9) (   9,    9) (   9,    9) (   9,    9)
          (   9,    9) (   9,    9) (   9,    9) (   9,    9) (   9,    9) (   9,    9) (   9,    9) (   9,    9) (   9,    9) (   9,    9)
          (   9,    9) (   9,    9) (   9,    9) (   9,    9) (   9,    9) (   9,    9) (   9,    9) (   9,    9) (   9,    9) (   9,    9)
          (   9,    9) (   9,    9) (   9,    9) (   9,    9) (   9,    9) (   9,    9) (   9,    9) (   9,    9) (   9,    9) (   9,    9)
          (   9,    9) (   9,    9) (   9,    9) (   9,    9) (   9,    9) (   9,    9) (   9,    9) (   9,    9) (   9,    9) (   9,    9)
          (   9,    9) (   9,    9) (   9,    9) (   9,    9) (   9,    9) (   9,    9) (   9,    9) (   9,    9) (   9,    9) (   9,    9)
          (   9,    9) (   9,    9) (   9,    9) (   9,    9) (   9,    9) (   9,    9) (   9,    9) (   9,    9) (   9,    9) (   9,    9)
          (   9,    9) (   9,    9) (   9,    9) (   9,    9) (   9,    9) (   9,    9) (   9,    9) (   9,    9) (   9,    9) (   9,    9)
          (   9,    9) (   9,    9) (   9,    9) (   9,    9) (   9,    9) (   9,    9) (   9,    9) (   9,    9) (   9,    9) (   9,    9)
          (   9,    9) (   9,    9) (   9,    9) (   9,    9) (   9,    9) (   9,    9) (   9,    9) (   9,    9) (   9,    9) (   9,    9)
          (   9,    9) (   9,    9) (   9,    9) (   9,    9) (   9,    9) (   9,    9) (   9,    9) (   9,    9) (   9,    9) (   9,    9)
          (   9,    9) (   9,    9) (   9,    9) (   9,    9) (   9,    9) (   9,    9) (   9,    9) (   9,    9) (   9,    9) (   9,    9)
          (   9,    9) (   9,    9) (   9,    9) (   9,    9) (   9,    9) (   9,    9) (   9,    9) (   9,    9) (   9,    9) (   9,    9)
          (   9,    9) (   9,    9) (   9,    9) (   9,    9) (   9,    9) (   9,    9) (   9,    9) (   9,    9) (   9,    9) (   9,    9)
         
node   4 sent_total   6167  recv_total   6108

node   5  (   0,    0) (   1,    0) (   0,    0) (   5,    2) (   8,    5) (  10,   10) (  10,   10) (  10,   10) (  10,   10) (  10,   10)
          (  10,   10) (  10,   10) (  10,   10) (  10,   10) (  10,   10) (  10,   10) (  10,   10) (  10,   10) (  10,   10) (  10,   10)
          (  10,   10) (  10,   10) (  10,   10) (  10,   10) (  10,   10) (  10,   10) (  10,   10) (  10,   10) (  10,   10) (  10,   10)
          (  10,   10) (  10,   10) (  10,   10) (  10,   10) (  10,   10) (  10,   10) (  10,   10) (  10,   10) (  10,   10) (  10,   10)
          (  10,   10) (  10,   10) (  10,   10) (  10,   10) (  10,   10) (  10,   10) (  10,   10) (  10,   10) (  10,   10) (  10,   10)
          (  10,   10) (  10,   10) (   7,   10) (  10,    9) (   7,   10) (   9,   10) (   8,    9) (   8,    8) (  10,    8) (   9,    7)
          (   9,   10) (   9,   10) (   8,    9) (   5,   10) (   8,    8) (   9,    9) (  10,    8) (  10,    7) (  10,    9) (  10,    9)
          (   9,   10) (  10,    9) (   9,    9) (  10,    9) (   7,    9) (   9,    8) (  10,   10) (  10,    9) (   5,   10) (   7,    9)
          (   9,   10) (   8,    9) (   9,    8) (   8,    9) (   9,    7) (   8,   10) (  10,    8) (  10,   10) (   8,   10) (   9,    7)
          (  10,    9) (   8,   10) (  10,   10) (  10,   10) (   9,    9) (   9,    9) (   9,    9) (   8,   10) (  10,    8) (  10,    8)
          (  10,    8) (  10,   10) (   9,    9) (  10,    6) (   8,    9) (  10,    8) (   9,    8) (   8,    9) (   8,    9) (  10,    9)
          (   8,    9) (   9,    6) (   8,    8) (   9,    9) (  10,    8) (  10,    9) (   8,    9) (  10,    9) (   9,    8) (   9,    8)
          (  10,    9) (   8,    9) (   8,    6) (   9,    9) (   8,    9) (   9,    7) (   9,    9) (   6,    8) (   8,    8) (   7,    8)
          (   7,    8) (   9,    9) (   8,    8) (   9,    9) (   8,    9) (   7,    8) (   9,    7) (   9,    8) (   7,    9) (   8,    9)
          (   8,    9) (   9,    7) (   8,    9) (   9,    9) (   9,    8) (   9,    9) (   7,    9) (   9,    8) (   7,    9) (   8,    8)
          (   8,    8) (   8,    9) (   8,    9) (   9,    9) (   7,    9) (   9,    7) (   9,    8) (   8,    9) (   6,    9) (   8,    8)
          (   9,    9) (   9,    8) (   9,    8) (   8,    7) (   8,    8) (   8,    9) (   8,    7) (   9,    5) (   8,    9) (   9,    9)
          (   8,    8) (   9,    8) (   7,    9) (   9,    8) (   9,    8) (   8,    9) (   8,    9) (   9,    9) (   8,    8) (   9,    9)
          (   9,    8) (   8,    9) (   7,    7) (   7,    7) (   8,    8) (   9,    8) (   9,    8) (   8,    8) (   7,    9) (   9,    8)
          (   7,    9) (   8,    8) (   9,    8) (   8,    7) (   9,    6) (   8,    9) (   9,    7) (   8,    8) (   9,    9) (   7,    9)
          (   9,    8) (   9,    9) (   7,    9) (   9,    8) (   8,    9) (   8,    9) (   9,    8) (   9,    6) (   9,    8) (   8,    8)
          (   8,    7) (   8,    8) (   9,    8) (   6,    9) (   9,    8) (   9,    9) (   7,    9) (   9,    7) (   8,    9) (   9,    9)
          (   9,    9) (   9,    9) (   7,    8) (   9,    8) (   9,    9) (   8,    9) (   8,    8) (   9,    7) (   9,    8) (   9,    8)
          (   9,    8) (   9,    9) (   9,    8) (   8,    9) (   8,    8) (   7,    8) (   8,    6) (   8,    8) (   7,    8) (   8,    9)
          (   9,    9) (   9,    7) (   8,    9) (   8,    9) (   8,    9) (   6,    8) (   8,    7) (   9,    8) (   9,    8) (   9,    8)
          (   9,    9) (   7,    8) (   8,    9) (   8,    8) (   9,    9) (   9,    9) (   9,    9) (   9,    9) (   7,    9) (   8,    9)
          (   9,    8) (   9,    8) (   7,    6) (   8,    9) (   8,    9) (   9,    8) (   8,    8) (   6,    8) (   8,    8) (   6,    7)
          (   8,    7) (   8,    9) (   9,    8) (   9,    9) (   9,    8) (   8,    7) (   9,    9) (   9,    9) (   7,    9) (   9,    8)
          (   7,    7) (   6,    6) (   9,    6) (   9,    9) (   6,    8) (   9,    8) (   8,    6) (   7,    8) (   9,    9) (   7,    8)
          (   8,    9) (   9,    9) (   7,    8) (   9,    7) (   9,    9) (   9,    9) (   8,    8) (   8,    9) (   8,    9) (   8,    8)
          (   9,    9) (   9,    8) (   9,    9) (   9,    9) (   9,    9) (   9,    9) (   9,    9) (   9,    9) (   9,    9) (   9,    9)
          (   9,    9) (   9,    9) (   9,    9) (   9,    9) (   9,    9) (   9,    9) (   9,    9) (   9,    9) (   9,    9) (   9,    9)
          (   9,    9) (   9,    9) (   9,    9) (   9,    9) (   9,    9) (   9,    9) (   9,    9) (   9,    9) (   9,    9) (   9,    9)
          (   9,    9) (   9,    9) (   9,    9) (   9,    9) (   9,    9) (   9,    9) (   9,    9) (   9,    9) (   9,    9) (   9,    9)
          (   9,    9) (   9,    9) (   9,    9) (   9,    9) (   9,    9) (   9,    9) (   9,    9) (   9,    9) (   9,    9) (   9,    9)
          (   9,    9) (   9,    9) (   9,    9) (   9,    9) (   9,    9) (   9,    9) (   9,    9) (   9,    9) (   9,    9) (   9,    9)
          (   9,    9) (   9,    9) (   9,    9) (   9,    9) (   9,    9) (   9,    9) (   9,    9) (   9,    9) (   9,    9) (   9,    9)
          (   9,    9) (   9,    9) (   9,    9) (   9,    9) (   9,    9) (   9,    9) (   9,    9) (   9,    9) (   9,    9) (   9,    9)
          (   9,    9) (   9,    9) (   9,    9) (   9,    9) (   9,    9) (   9,    9) (   9,    9) (   9,    9) (   9,    9) (   9,    9)
          (   9,    9) (   9,    9) (   9,    9) (   9,    9) (   9,    9) (   9,    9) (   9,    9) (   9,    9) (   9,    9) (   9,    9)
          (   9,    9) (   9,    9) (   9,    9) (   9,    9) (   9,    9) (   9,    9) (   9,    9) (   9,    9) (   9,    9) (   9,    9)
          (   9,    9) (   9,    9) (   9,    9) (   9,    9) (   9,    9) (   9,    9) (   9,    9) (   9,    9) (   9,    9) (   9,    9)
          (   9,    9) (   9,    9) (   9,    9) (   9,    9) (   9,    9) (   9,    9) (   9,    9) (   9,    9) (   9,    9) (   9,    9)
          (   9,    9) (   9,    9) (   9,    9) (   9,    9) (   9,    9) (   9,    9) (   9,    9) (   9,    9) (   9,    9) (   9,    9)
          (   9,    9) (   9,    9) (   9,    9) (   9,    9) (   9,    9) (   9,    9) (   9,    9) (   9,    9) (   9,    9) (   9,    9)
          (   9,    9) (   9,    9) (   9,    9) (   9,    9) (   9,    9) (   9,    9) (   9,    9) (   9,    9) (   9,    9) (   9,    9)
          (   9,    9) (   9,    9) (   9,    9) (   9,    9) (   9,    9) (   9,    9) (   9,    9) (   9,    9) (   9,    9) (   9,    9)
          (   9,    9) (   9,    9) (   9,    9) (   9,    9) (   9,    9) (   9,    9) (   9,    9) (   9,    9) (   9,    9) (   9,    9)
          (   9,    9) (   9,    9) (   9,    9) (   9,    9) (   9,    9) (   9,    9) (   9,    9) (   9,    9) (   9,    9) (   9,    9)
          (   9,    9) (   9,    9) (   9,    9) (   9,    9) (   9,    9) (   9,    9) (   9,    9) (   9,    9) (   9,    9) (   9,    9)
          (   9,    9) (   9,    9) (   9,    9) (   9,    9) (   9,    9) (   9,    9) (   9,    9) (   9,    9) (   9,    9) (   9,    9)
          (   9,    9) (   9,    9) (   9,    9) (   9,    9) (   9,    9) (   9,    9) (   9,    9) (   9,    9) (   9,    9) (   9,    9)
          (   9,    9) (   9,    9) (   9,    9) (   9,    9) (   9,    9) (   9,    9) (   9,    9) (   9,    9) (   9,    9) (   9,    9)
          (   9,    9) (   9,    9) (   9,    9) (   9,    9) (   9,    9) (   9,    9) (   9,    9) (   9,    9) (   9,    9) (   9,    9)
          (   9,    9) (   9,    9) (   9,    9) (   9,    9) (   9,    9) (   9,    9) (   9,    9) (   9,    9) (   9,    9) (   9,    9)
          (   9,    9) (   9,    9) (   9,    9) (   9,    9) (   9,    9) (   9,    9) (   9,    9) (   9,    9) (   9,    9) (   9,    9)
          (   9,    9) (   9,    9) (   9,    9) (   9,    9) (   9,    9) (   9,    9) (   9,    9) (   9,    9) (   9,    9) (   9,    9)
          (   9,    9) (   9,    9) (   9,    9) (   9,    9) (   9,    9) (   9,    9) (   9,    9) (   9,    9) (   9,    9) (   9,    9)
          (   9,    9) (   9,    9) (   9,    9) (   9,    9) (   9,    9) (   9,    9) (   9,    9) (   9,    9) (   9,    9) (   9,    9)
          (   9,    9) (   9,    9) (   9,    9) (   9,    9) (   9,    9) (   9,    9) (   9,    9) (   9,    9) (   9,    9) (   9,    9)
          (   9,    9) (   9,    9) (   9,    9) (   9,    9) (   9,    9) (   9,    9) (   9,    9) (   9,    9) (   9,    9) (   9,    9)
          (   9,    9) (   9,    9) (   9,    9) (   9,    9) (   9,    9) (   9,    9) (   9,    9) (   9,    9) (   9,    9) (   9,    9)
          (   9,    9) (   9,    9) (   9,    9) (   9,    9) (   9,    9) (   9,    9) (   9,    9) (   9,    9) (   9,    9) (   9,    9)
          (   9,    9) (   9,    9) (   9,    9) (   9,    9) (   9,    9) (   9,    9) (   9,    9) (   9,    9) (   9,    9) (   9,    9)
          (   9,    9) (   9,    9) (   9,    9) (   9,    9) (   9,    9) (   9,    9) (   9,    9) (   9,    9) (   9,    9) (   9,    9)
          (   9,    9) (   9,    9) (   9,    9) (   9,    9) (   9,    9) (   9,    9) (   9,    9) (   9,    9) (   9,    9) (   9,    9)
          (   9,    9) (   9,    9) (   9,    9) (   9,    9) (   9,    9) (   9,    9) (   9,    9) (   9,    9) (   9,    9) (   9,    9)
          (   9,    9) (   9,    9) (   9,    9) (   9,    9) (   9,    9) (   9,    9) (   9,    9) (   9,    9) (   9,    9) (   9,    9)
          (   9,    9) (   9,    9) (   9,    9) (   9,    9) (   9,    9) (   9,    9) (   9,    9) (   9,    9) (   9,    9) (   9,    9)
          (   9,    9) (   9,    9) (   9,    9) (   9,    9) (   9,    9) (   9,    9) (   9,    9) (   9,    9) (   9,    9) (   9,    9)
         
node   5 sent_total   6170  recv_total   6157

node   6  (   0,    0) (   1,    0) (   0,    0) (   6,    2) (   8,    4) (  10,   10) (  10,   10) (  10,   10) (  10,   10) (  10,   10)
          (  10,   10) (  10,   10) (  10,   10) (  10,   10) (  10,   10) (  10,   10) (  10,   10) (  10,   10) (  10,   10) (  10,   10)
          (  10,   10) (  10,   10) (  10,   10) (  10,   10) (  10,   10) (  10,   10) (  10,   10) (  10,   10) (  10,   10) (  10,   10)
          (  10,   10) (  10,   10) (  10,   10) (  10,   10) (  10,   10) (  10,   10) (  10,   10) (  10,   10) (  10,   10) (  10,   10)
          (  10,   10) (  10,   10) (  10,   10) (  10,   10) (  10,   10) (  10,   10) (  10,   10) (  10,   10) (  10,   10) (  10,   10)
          (  10,   10) (   9,   10) (   9,    9) (  10,    9) (   8,    8) (   9,    9) (   8,   10) (   9,    9) (   8,   10) (   9,   10)
          (   9,   10) (  10,    8) (   9,    9) (  10,   10) (   8,    9) (   9,    9) (   9,    9) (   8,    8) (   8,    9) (   8,   10)
          (   9,   10) (   9,   10) (  10,    8) (   9,    9) (   9,   10) (   9,   10) (   9,    9) (   8,   10) (   9,   10) (   9,    8)
          (   9,    9) (   9,    7) (   9,   10) (   8,   10) (   9,    9) (  10,   10) (   9,    8) (   9,    9) (   8,   10) (  10,    9)
          (   9,    8) (   8,   10) (   8,    8) (  10,    8) (  10,    9) (   8,    8) (   9,    9) (   8,    9) (   8,    9) (   9,    8)
          (   9,    9) (   8,   10) (  10,    9) (   9,    8) (   9,    9) (   8,    8) (  10,    9) (  10,    8) (  10,    8) (   9,    9)
          (   9,    9) (   9,    6) (  10,    7) (   9,    9) (   9,    8) (   8,    8) (  10,    9) (  10,    8) (   9,    8) (   9,    8)
          (   9,    8) (   9,    8) (   8,    8) (   8,    9) (   8,    8) (   7,    8) (   7,    9) (   9,    7) (   7,    7) (   9,    9)
          (   9,    8) (   9,    7) (   7,    8) (   8,    7) (   9,    9) (   7,    8) (   9,    7) (   8,    8) (   8,    9) (   8,    7)
          (   9,    9) (   9,    8) (   9,    9) (   9,    9) (   7,    8) (   8,    9) (   7,    7) (   9,    8) (   9,    9) (   7,    6)
          (   8,    8) (   7,    8) (   9,    7) (   9,    9) (   9,    7) (   9,    8) (   8,    9) (   8,    8) (   8,    9) (   7,    9)
          (   7,    9) (   8,    9) (   7,    8) (   9,    8) (   9,    9) (   6,    9) (   9,    7) (   9,    9) (   9,    8) (   9,    8)
          (   9,    9) (   7,    7) (   7,    7) (   7,    7) (   8,    7) (   8,    6) (   9,    7) (   8,    9) (   8,    8) (   8,    9)
          (   9,    9) (   7,    9) (   9,    7) (   8,    8) (   8,    7) (   6,    7) (   8,    7) (   9,    8) (   9,    9) (   8,    8)
          (   8,    8) (   5,    7) (   7,    8) (   6,    8) (   8,    9) (   8,    9) (   9,    8) (   9,    9) (   9,    9) (   8,    8)
          (   8,    8) (   9,    8) (   9,    9) (   8,    6) (   8,    9) (   8,    9) (   9,    7) (   7,    9) (   9,    7) (   9,    9)
          (   9,    8) (   8,    8) (   8,    9) (   8,    8) (   8,    8) (   8,    9) (   8,    8) (   9,    7) (   7,    9) (   7,    9)
          (   7,    7) (   8,    8) (   8,    9) (   8,    7) (   8,    5) (   8,    6) (   8,    8) (   6,    9) (   9,    8) (   8,    9)
          (   9,    7) (   9,    9) (   7,    9) (   9,    9) (   7,    9) (   8,    7) (   9,    8) (   9,    7) (   7,    8) (   8,    9)
          (   8,    8) (   8,    8) (   8,    8) (   9,    8) (   6,    9) (   8,    9) (   8,    8) (   8,    9) (   8,    9) (   9,    8)
          (   6,    7) (   8,    9) (   8,    9) (   8,    8) (   9,    7) (   9,    9) (   8,    7) (   9,    8) (   9,    8) (   8,    7)
          (   9,    8) (   8,    8) (   9,    8) (   7,    9) (   6,    9) (   8,    8) (   8,    9) (   8,    7) (   8,    8) (   7,    9)
          (   8,    9) (   9,    8) (   7,    9) (   9,    7) (   9,    8) (   5,    8) (   9,    9) (   9,    9) (   9,    8) (   8,    8)
          (   8,    9) (   6,    9) (   9,    8) (   7,    9) (   9,    9) (   9,    9) (   9,    9) (   9,    9) (   9,    8) (   9,    8)
          (   9,    9) (   8,    8) (   7,    7) (   9,    8) (   8,    9) (   9,    9) (   8,    9) (   9,    8) (   6,    9) (   9,    8)
          (   9,    8) (   9,    7) (   9,    9) (   9,    9) (   9,    9) (   9,    9) (   9,    9) (   9,    9) (   9,    9) (   9,    9)
          (   9,    9) (   9,    9) (   9,    9) (   9,    9) (   9,    9) (   9,    9) (   9,    9) (   9,    9) (   9,    9) (   9,    9)
          (   9,    9) (   9,    9) (   9,    9) (   9,    9) (   9,    9) (   9,    9) (   9,    9) (   9,    9) (   9,    9) (   9,    9)
          (   9,    9) (   9,    9) (   9,    9) (   9,    9) (   9,    9) (   9,    9) (   9,    9) (   9,    9) (   9,    9) (   9,    9)
          (   9,    9) (   9,    9) (   9,    9) (   9,    9) (   9,    9) (   9,    9) (   9,    9) (   9,    9) (   9,    9) (   9,    9)
          (   9,    9) (   9,    9) (   9,    9) (   9,    9) (   9,    9) (   9,    9) (   9,    9) (   9,    9) (   9,    9) (   9,    9)
          (   9,    9) (   9,    9) (   9,    9) (   9,    9) (   9,    9) (   9,    9) (   9,    9) (   9,    9) (   9,    9) (   9,    9)
          (   9,    9) (   9,    9) (   9,    9) (   9,    9) (   9,    9) (   9,    9) (   9,    9) (   9,    9) (   9,    9) (   9,    9)
          (   9,    9) (   9,    9) (   9,    9) (   9,    9) (   9,    9) (   9,    9) (   9,    9) (   9,    9) (   9,    9) (   9,    9)
          (   9,    9) (   9,    9) (   9,    9) (   9,    9) (   9,    9) (   9,    9) (   9,    9) (   9,    9) (   9,    9) (   9,    9)
          (   9,    9) (   9,    9) (   9,    9) (   9,    9) (   9,    9) (   9,    9) (   9,    9) (   9,    9) (   9,    9) (   9,    9)
          (   9,    9) (   9,    9) (   9,    9) (   9,    9) (   9,    9) (   9,    9) (   9,    9) (   9,    9) (   9,    9) (   9,    9)
          (   9,    9) (   9,    9) (   9,    9) (   9,    9) (   9,    9) (   9,    9) (   9,    9) (   9,    9) (   9,    9) (   9,    9)
          (   9,    9) (   9,    9) (   9,    9) (   9,    9) (   9,    9) (   9,    9) (   9,    9) (   9,    9) (   9,    9) (   9,    9)
          (   9,    9) (   9,    9) (   9,    9) (   9,    9) (   9,    9) (   9,    9) (   9,    9) (   9,    9) (   9,    9) (   9,    9)
          (   9,    9) (   9,    9) (   9,    9) (   9,    9) (   9,    9) (   9,    9) (   9,    9) (   9,    9) (   9,    9) (   9,    9)
          (   9,    9) (   9,    9) (   9,    9) (   9,    9) (   9,    9) (   9,    9) (   9,    9) (   9,    9) (   9,    9) (   9,    9)
          (   9,    9) (   9,    9) (   9,    9) (   9,    9) (   9,    9) (   9,    9) (   9,    9) (   9,    9) (   9,    9) (   9,    9)
          (   9,    9) (   9,    9) (   9,    9) (   9,    9) (   9,    9) (   9,    9) (   9,    9) (   9,    9) (   9,    9) (   9,    9)
          (   9,    9) (   9,    9) (   9,    9) (   9,    9) (   9,    9) (   9,    9) (   9,    9) (   9,    9) (   9,    9) (   9,    9)
          (   9,    9) (   9,    9) (   9,    9) (   9,    9) (   9,    9) (   9,    9) (   9,    9) (   9,    9) (   9,    9) (   9,    9)
          (   9,    9) (   9,    9) (   9,    9) (   9,    9) (   9,    9) (   9,    9) (   9,    9) (   9,    9) (   9,    9) (   9,    9)
          (   9,    9) (   9,    9) (   9,    9) (   9,    9) (   9,    9) (   9,    9) (   9,    9) (   9,    9) (   9,    9) (   9,    9)
          (   9,    9) (   9,    9) (   9,    9) (   9,    9) (   9,    9) (   9,    9) (   9,    9) (   9,    9) (   9,    9) (   9,    9)
          (   9,    9) (   9,    9) (   9,    9) (   9,    9) (   9,    9) (   9,    9) (   9,    9) (   9,    9) (   9,    9) (   9,    9)
          (   9,    9) (   9,    9) (   9,    9) (   9,    9) (   9,    9) (   9,    9) (   9,    9) (   9,    9) (   9,    9) (   9,    9)
          (   9,    9) (   9,    9) (   9,    9) (   9,    9) (   9,    9) (   9,    9) (   9,    9) (   9,    9) (   9,    9) (   9,    9)
          (   9,    9) (   9,    9) (   9,    9) (   9,    9) (   9,    9) (   9,    9) (   9,    9) (   9,    9) (   9,    9) (   9,    9)
          (   9,    9) (   9,    9) (   9,    9) (   9,    9) (   9,    9) (   9,    9) (   9,    9) (   9,    9) (   9,    9) (   9,    9)
          (   9,    9) (   9,    9) (   9,    9) (   9,    9) (   9,    9) (   9,    9) (   9,    9) (   9,    9) (   9,    9) (   9,    9)
          (   9,    9) (   9,    9) (   9,    9) (   9,    9) (   9,    9) (   9,    9) (   9,    9) (   9,    9) (   9,    9) (   9,    9)
          (   9,    9) (   9,    9) (   9,    9) (   9,    9) (   9,    9) (   9,    9) (   9,    9) (   9,    9) (   9,    9) (   9,    9)
          (   9,    9) (   9,    9) (   9,    9) (   9,    9) (   9,    9) (   9,    9) (   9,    9) (   9,    9) (   9,    9) (   9,    9)
          (   9,    9) (   9,    9) (   9,    9) (   9,    9) (   9,    9) (   9,    9) (   9,    9) (   9,    9) (   9,    9) (   9,    9)
          (   9,    9) (   9,    9) (   9,    9) (   9,    9) (   9,    9) (   9,    9) (   9,    9) (   9,    9) (   9,    9) (   9,    9)
          (   9,    9) (   9,    9) (   9,    9) (   9,    9) (   9,    9) (   9,    9) (   9,    9) (   9,    9) (   9,    9) (   9,    9)
          (   9,    9) (   9,    9) (   9,    9) (   9,    9) (   9,    9) (   9,    9) (   9,    9) (   9,    9) (   9,    9) (   9,    9)
          (   9,    9) (   9,    9) (   9,    9) (   9,    9) (   9,    9) (   9,    9) (   9,    9) (   9,    9) (   9,    9) (   9,    9)
          (   9,    9) (   9,    9) (   9,    9) (   9,    9) (   9,    9) (   9,    9) (   9,    9) (   9,    9) (   9,    9) (   9,    9)
          (   9,    9) (   9,    9) (   9,    9) (   9,    9) (   9,    9) (   9,    9) (   9,    9) (   9,    9) (   9,    9) (   9,    9)
         
node   6 sent_total   6152  recv_total   6143

node   7  (   0,    0) (   1,    0) (   0,    0) (   7,    2) (   8,    3) (  10,   10) (  10,   10) (  10,   10) (  10,   10) (  10,   10)
          (  10,   10) (  10,   10) (  10,   10) (  10,   10) (  10,   10) (  10,   10) (  10,   10) (  10,   10) (  10,   10) (  10,   10)
          (  10,   10) (  10,   10) (  10,   10) (  10,   10) (  10,   10) (  10,   10) (  10,   10) (  10,   10) (  10,   10) (  10,   10)
          (  10,   10) (  10,   10) (  10,   10) (  10,   10) (  10,   10) (  10,   10) (  10,   10) (  10,   10) (  10,   10) (  10,   10)
          (  10,   10) (  10,   10) (  10,   10) (  10,   10) (  10,   10) (  10,   10) (  10,   10) (  10,   10) (  10,   10) (  10,   10)
          (  10,   10) (   8,   10) (  10,   10) (   7,    9) (   8,    9) (  10,    8) (   9,   10) (   9,    9) (   9,    7) (   8,   10)
          (  10,    9) (   9,    9) (   9,   10) (   9,    9) (   8,   10) (   8,    9) (  10,    8) (   8,   10) (  10,   10) (   9,    8)
          (   9,    9) (   9,    8) (   8,    8) (  10,    7) (  10,    7) (  10,   10) (  10,   10) (  10,   10) (  10,   10) (  10,    9)
          (   9,    8) (  10,    9) (   8,    7) (   9,    8) (  10,    7) (   8,    9) (  10,   10) (   8,    9) (   9,    9) (   9,   10)
          (  10,   10) (  10,    8) (   9,    7) (  10,   10) (   9,    9) (   8,    7) (   9,    9) (   8,    8) (  10,    9) (   9,   10)
          (  10,   10) (   0,    0) (   0,    0) (   0,    0) (   0,    0) (   0,    0) (   0,    0) (   0,    0) (   0,    0) (   0,    0)
          (   0,    0) (   0,    0) (   0,    0) (   0,    0) (   0,    0) (   0,    0) (   0,    0) (   0,    0) (   0,    0) (   0,    0)
          (   0,    0) (   0,    0) (   0,    0) (   0,    0) (   0,    0) (   0,    0) (   0,    0) (   0,    0) (   0,    0) (   0,    0)
          (   0,    0) (   0,    0) (   0,    0) (   0,    0) (   0,    0) (   0,    0) (   0,    0) (   0,    0) (   0,    0) (   0,    0)
          (   0,    0) (   0,    0) (   0,    0) (   0,    0) (   0,    0) (   0,    0) (   0,    0) (   0,    0) (   0,    0) (   0,    0)
          (   0,    0) (   0,    0) (   0,    0) (   0,    0) (   0,    0) (   0,    0) (   0,    0) (   0,    0) (   0,    0) (   0,    0)
          (   0,    0) (   0,    0) (   0,    0) (   0,    0) (   0,    0) (   0,    0) (   0,    0) (   0,    0) (   0,    0) (   0,    0)
          (   0,    0) (   0,    0) (   0,    0) (   0,    0) (   0,    0) (   0,    0) (   0,    0) (   0,    0) (   0,    0) (   0,    0)
          (   0,    0) (   0,    0) (   0,    0) (   0,    0) (   0,    0) (   0,    0) (   0,    0) (   0,    0) (   0,    0) (   0,    0)
          (   0,    0) (   0,    0) (   0,    0) (   0,    0) (   0,    0) (   0,    0) (   0,    0) (   0,    0) (   0,    0) (   0,    0)
          (   0,    0) (   0,    0) (   0,    0) (   0,    0) (   0,    0) (   0,    0) (   0,    0) (   0,    0) (   0,    0) (   0,    0)
          (   0,    0) (   0,    0) (   0,    0) (   0,    0) (   0,    0) (   0,    0) (   0,    0) (   0,    0) (   0,    0) (   0,    0)
          (   0,    0) (   0,    0) (   0,    0) (   0,    0) (   0,    0) (   0,    0) (   0,    0) (   0,    0) (   0,    0) (   0,    0)
          (   0,    0) (   0,    0) (   0,    0) (   0,    0) (   0,    0) (   0,    0) (   0,    0) (   0,    0) (   0,    0) (   0,    0)
          (   0,    0) (   0,    0) (   0,    0) (   0,    0) (   0,    0) (   0,    0) (   0,    0) (   0,    0) (   0,    0) (   0,    0)
          (   0,    0) (   0,    0) (   0,    0) (   0,    0) (   0,    0) (   0,    0) (   0,    0) (   0,    0) (   0,    0) (   0,    0)
          (   0,    0) (   0,    0) (   0,    0) (   0,    0) (   0,    0) (   0,    0) (   0,    0) (   0,    0) (   0,    0) (   0,    0)
          (   0,    0) (   0,    0) (   0,    0) (   0,    0) (   0,    0) (   0,    0) (   0,    0) (   0,    0) (   0,    0) (   0,    0)
          (   0,    0) (   0,    0) (   0,    0) (   0,    0) (   0,    0) (   0,    0) (   0,    0) (   0,    0) (   0,    0) (   0,    0)
          (   0,    0) (   0,    0) (   0,    0) (   0,    0) (   0,    0) (   0,    0) (   0,    0) (   0,    0) (   0,    0) (   0,    0)
          (   0,    0) (   0,    0) (   0,    0) (   0,    0) (   0,    0) (   0,    0) (   0,    0) (   0,    0) (   0,    0) (   0,    0)
          (   0,    0) (   0,    0) (   0,    0) (   0,    0) (   0,    0) (   0,    0) (   0,    0) (   0,    0) (   0,    0) (   0,    0)
          (   0,    0) (   0,    0) (   0,    0) (   0,    0) (   0,    0) (   0,    0) (   0,    0) (   0,    0) (   0,    0) (   0,    0)
          (   0,    0) (   0,    0) (   0,    0) (   0,    0) (   0,    0) (   0,    0) (   0,    0) (   0,    0) (   0,    0) (   0,    0)
          (   0,    0) (   0,    0) (   0,    0) (   0,    0) (   0,    0) (   0,    0) (   0,    0) (   0,    0) (   0,    0) (   0,    0)
          (   0,    0) (   0,    0) (   0,    0) (   0,    0) (   0,    0) (   0,    0) (   0,    0) (   0,    0) (   0,    0) (   0,    0)
          (   0,    0) (   0,    0) (   0,    0) (   0,    0) (   0,    0) (   0,    0) (   0,    0) (   0,    0) (   0,    0) (   0,    0)
          (   0,    0) (   0,    0) (   0,    0) (   0,    0) (   0,    0) (   0,    0) (   0,    0) (   0,    0) (   0,    0) (   0,    0)
          (   0,    0) (   0,    0) (   0,    0) (   0,    0) (   0,    0) (   0,    0) (   0,    0) (   0,    0) (   0,    0) (   0,    0)
          (   0,    0) (   0,    0) (   0,    0) (   0,    0) (   0,    0) (   0,    0) (   0,    0) (   0,    0) (   0,    0) (   0,    0)
          (   0,    0) (   0,    0) (   0,    0) (   0,    0) (   0,    0) (   0,    0) (   0,    0) (   0,    0) (   0,    0) (   0,    0)
          (   0,    0) (   0,    0) (   0,    0) (   0,    0) (   0,    0) (   0,    0) (   0,    0) (   0,    0) (   0,    0) (   0,    0)
          (   0,    0) (   0,    0) (   0,    0) (   0,    0) (   0,    0) (   0,    0) (   0,    0) (   0,    0) (   0,    0) (   0,    0)
          (   0,    0) (   0,    0) (   0,    0) (   0,    0) (   0,    0) (   0,    0) (   0,    0) (   0,    0) (   0,    0) (   0,    0)
          (   0,    0) (   0,    0) (   0,    0) (   0,    0) (   0,    0) (   0,    0) (   0,    0) (   0,    0) (   0,    0) (   0,    0)
          (   0,    0) (   0,    0) (   0,    0) (   0,    0) (   0,    0) (   0,    0) (   0,    0) (   0,    0) (   0,    0) (   0,    0)
          (   0,    0) (   0,    0) (   0,    0) (   0,    0) (   0,    0) (   0,    0) (   0,    0) (   0,    0) (   0,    0) (   0,    0)
          (   0,    0) (   0,    0) (   0,    0) (   0,    0) (   0,    0) (   0,    0) (   0,    0) (   0,    0) (   0,    0) (   0,    0)
          (   0,    0) (   0,    0) (   0,    0) (   0,    0) (   0,    0) (   0,    0) (   0,    0) (   0,    0) (   0,    0) (   0,    0)
          (   0,    0) (   0,    0) (   0,    0) (   0,    0) (   0,    0) (   0,    0) (   0,    0) (   0,    0) (   0,    0) (   0,    0)
          (   0,    0) (   0,    0) (   0,    0) (   0,    0) (   0,    0) (   0,    0) (   0,    0) (   0,    0) (   0,    0) (   0,    0)
          (   0,    0) (   0,    0) (   0,    0) (   0,    0) (   0,    0) (   0,    0) (   0,    0) (   0,    0) (   0,    0) (   0,    0)
          (   0,    0) (   0,    0) (   0,    0) (   0,    0) (   0,    0) (   0,    0) (   0,    0) (   0,    0) (   0,    0) (   0,    0)
          (   0,    0) (   0,    0) (   0,    0) (   0,    0) (   0,    0) (   0,    0) (   0,    0) (   0,    0) (   0,    0) (   0,    0)
          (   0,    0) (   0,    0) (   0,    0) (   0,    0) (   0,    0) (   0,    0) (   0,    0) (   0,    0) (   0,    0) (   0,    0)
          (   0,    0) (   0,    0) (   0,    0) (   0,    0) (   0,    0) (   0,    0) (   0,    0) (   0,    0) (   0,    0) (   0,    0)
          (   0,    0) (   0,    0) (   0,    0) (   0,    0) (   0,    0) (   0,    0) (   0,    0) (   0,    0) (   0,    0) (   0,    0)
          (   0,    0) (   0,    0) (   0,    0) (   0,    0) (   0,    0) (   0,    0) (   0,    0) (   0,    0) (   0,    0) (   0,    0)
          (   0,    0) (   0,    0) (   0,    0) (   0,    0) (   0,    0) (   0,    0) (   0,    0) (   0,    0) (   0,    0) (   0,    0)
          (   0,    0) (   0,    0) (   0,    0) (   0,    0) (   0,    0) (   0,    0) (   0,    0) (   0,    0) (   0,    0) (   0,    0)
          (   0,    0) (   0,    0) (   0,    0) (   0,    0) (   0,    0) (   0,    0) (   0,    0) (   0,    0) (   0,    0) (   0,    0)
          (   0,    0) (   0,    0) (   0,    0) (   0,    0) (   0,    0) (   0,    0) (   0,    0) (   0,    0) (   0,    0) (   0,    0)
          (   0,    0) (   0,    0) (   0,    0) (   0,    0) (   0,    0) (   0,    0) (   0,    0) (   0,    0) (   0,    0) (   0,    0)
          (   0,    0) (   0,    0) (   0,    0) (   0,    0) (   0,    0) (   0,    0) (   0,    0) (   0,    0) (   0,    0) (   0,    0)
          (   0,    0) (   0,    0) (   0,    0) (   0,    0) (   0,    0) (   0,    0) (   0,    0) (   0,    0) (   0,    0) (   0,    0)
          (   0,    0) (   0,    0) (   0,    0) (   0,    0) (   0,    0) (   0,    0) (   0,    0) (   0,    0) (   0,    0) (   0,    0)
          (   0,    0) (   0,    0) (   0,    0) (   0,    0) (   0,    0) (   0,    0) (   0,    0) (   0,    0) (   0,    0) (   0,    0)
          (   0,    0) (   0,    0) (   0,    0) (   0,    0) (   0,    0) (   0,    0) (   0,    0) (   0,    0) (   0,    0) (   0,    0)
          (   0,    0) (   0,    0) (   0,    0) (   0,    0) (   0,    0) (   0,    0) (   0,    0) (   0,    0) (   0,    0) (   0,    0)
          (   0,    0) (   0,    0) (   0,    0) (   0,    0) (   0,    0) (   0,    0) (   0,    0) (   0,    0) (   0,    0) (   0,    0)
         
node   7 sent_total    932  recv_total    910

node   8  (   0,    0) (   1,    0) (   0,    0) (   8,    2) (   8,    2) (  10,   10) (  10,   10) (  10,   10) (  10,   10) (  10,   10)
          (  10,   10) (  10,   10) (  10,   10) (  10,   10) (  10,   10) (  10,   10) (  10,   10) (  10,   10) (  10,   10) (  10,   10)
          (  10,   10) (  10,   10) (  10,   10) (  10,   10) (  10,   10) (  10,   10) (  10,   10) (  10,   10) (  10,   10) (  10,   10)
          (  10,   10) (  10,   10) (  10,   10) (  10,   10) (  10,   10) (  10,   10) (  10,   10) (  10,   10) (  10,   10) (  10,   10)
          (  10,   10) (  10,   10) (  10,   10) (  10,   10) (  10,   10) (  10,   10) (  10,   10) (  10,   10) (  10,   10) (  10,   10)
          (  10,   10) (  10,   10) (   8,    9) (   9,    9) (   9,   10) (   8,    7) (   9,    7) (   8,    9) (   9,    9) (  10,    8)
          (   8,    9) (   8,    8) (   9,   10) (   8,    9) (   9,   10) (   8,    9) (   9,   10) (   9,   10) (   9,    9) (   9,   10)
          (  10,    8) (  10,   10) (   9,   10) (  10,    8) (  10,    8) (  10,    8) (  10,    9) (   9,   10) (   8,    8) (   7,   10)
          (   8,    8) (   9,   10) (  10,   10) (   8,    8) (   9,    9) (   8,    8) (   9,    9) (  10,    9) (   8,   10) (   9,   10)
          (   8,    9) (   9,   10) (  10,   10) (   8,    9) (   7,    9) (   7,    9) (   9,    7) (   9,    9) (   9,   10) (   9,    7)
          (  10,   10) (   9,   10) (   9,    6) (  10,    9) (   9,    9) (   9,    9) (  10,    9) (  10,    8) (  10,    9) (  10,    8)
          (   7,    7) (   8,    9) (   9,    7) (   8,    7) (   9,    7) (   8,    7) (  10,    8) (   9,    8) (   9,    7) (   9,    9)
          (   9,    8) (   7,    9) (   7,    8) (   9,    6) (   7,    9) (   9,    9) (   9,    9) (   8,    9) (   8,    9) (   8,    8)
          (   8,    8) (   8,    7) (   9,    9) (   9,    8) (   8,    9) (   9,    8) (   7,    6) (   9,    8) (   6,    8) (   8,    8)
          (   8,    9) (   8,    9) (   9,    8) (   8,    8) (   9,    9) (   9,    8) (   8,    8) (   6,    8) (   8,    6) (   9,    7)
          (   8,    8) (   8,    9) (   9,    8) (   8,    8) (   8,    8) (   9,    8) (   9,    8) (   9,    9) (   9,    8) (   8,    9)
          (   8,    7) (   8,    9) (   7,    8) (   8,    8) (   8,    9) (   7,    7) (   8,    9) (   7,    8) (   9,    7) (   8,    9)
          (   5,    8) (   9,    7) (   5,    7) (   7,    8) (   7,    8) (   8,    8) (   8,    7) (   6,    9) (   9,    8) (   9,    8)
          (   9,    9) (   9,    8) (   8,    9) (   7,    9) (   7,    9) (   9,    9) (   7,    9) (   9,    8) (   7,    8) (   9,    8)
          (   8,    9) (   7,    9) (   8,    8) (   8,    7) (   9,    7) (   9,    9) (   9,    9) (   7,    9) (   8,    8) (   9,    8)
          (   9,    8) (   8,    8) (   8,    5) (   9,    9) (   9,    8) (   6,    7) (   8,    8) (   7,    8) (   9,    9) (   9,    9)
          (   8,    8) (   9,    8) (   8,    7) (   9,    9) (   9,    8) (   8,    9) (   9,    8) (   7,    7) (   9,    9) (   9,    9)
          (   7,    9) (   9,    7) (   8,    9) (   7,    8) (   8,    9) (   9,    8) (   9,    9) (   9,    9) (   7,    8) (   8,    9)
          (   8,    8) (   9,    7) (   9,    9) (   6,    9) (   9,    7) (   8,    9) (   9,    9) (   8,    9) (   8,    8) (   9,    8)
          (   8,    8) (   9,    9) (   7,    8) (   9,    6) (   8,    9) (   7,    7) (   9,    8) (   9,    9) (   9,    7) (   7,    9)
          (   8,    9) (   6,    7) (   8,    6) (   9,    8) (   8,    9) (   9,    8) (   7,    9) (   6,    8) (   9,    8) (   9,    8)
          (   9,    8) (   8,    8) (   9,    9) (   9,    8) (   8,    7) (   6,    8) (   7,    8) (   7,    8) (   9,    9) (   9,    8)
          (   9,    7) (   9,    8) (   9,    8) (   7,    7) (   8,    8) (   9,    8) (   8,    8) (   9,    7) (   8,    8) (   9,    9)
          (   7,    8) (   7,    8) (   8,    8) (   6,    9) (   6,    7) (   7,    9) (   8,    6) (   9,    9) (   7,    9) (   8,    9)
          (   8,    9) (   8,    8) (   9,    9) (   9,    8) (   9,    7) (   8,    7) (   8,    8) (   8,    5) (   8,    9) (   8,    8)
          (   9,    9) (   9,    9) (   9,    9) (   9,    9) (   9,    9) (   9,    9) (   9,    9) (   9,    9) (   9,    9) (   9,    9)
          (   9,    9) (   9,    9) (   9,    9) (   9,    9) (   9,    9) (   9,    9) (   9,    9) (   9,    9) (   9,    9) (   9,    9)
          (   9,    9) (   9,    9) (   9,    9) (   9,    9) (   9,    9) (   9,    9) (   9,    9) (   9,    9) (   9,    9) (   9,    9)
          (   9,    9) (   9,    9) (   9,    9) (   9,    9) (   9,    9) (   9,    9) (   9,    9) (   9,    9) (   9,    9) (   9,    9)
          (   9,    9) (   9,    9) (   9,    9) (   9,    9) (   9,    9) (   9,    9) (   9,    9) (   9,    9) (   9,    9) (   9,    9)
          (   9,    9) (   9,    9) (   9,    9) (   9,    9) (   9,    9) (   9,    9) (   9,    9) (   9,    9) (   9,    9) (   9,    9)
          (   9,    9) (   9,    9) (   9,    9) (   9,    9) (   9,    9) (   9,    9) (   9,    9) (   9,    9) (   9,    9) (   9,    9)
          (   9,    9) (   9,    9) (   9,    9) (   9,    9) (   9,    9) (   9,    9) (   9,    9) (   9,    9) (   9,    9) (   9,    9)
          (   9,    9) (   9,    9) (   9,    9) (   9,    9) (   9,    9) (   9,    9) (   9,    9) (   9,    9) (   9,    9) (   9,    9)
          (   9,    9) (   9,    9) (   9,    9) (   9,    9) (   9,    9) (   9,    9) (   9,    9) (   9,    9) (   9,    9) (   9,    9)
          (   9,    9) (   9,    9) (   9,    9) (   9,    9) (   9,    9) (   9,    9) (   9,    9) (   9,    9) (   9,    9) (   9,    9)
          (   9,    9) (   9,    9) (   9,    9) (   9,    9) (   9,    9) (   9,    9) (   9,    9) (   9,    9) (   9,    9) (   9,    9)
          (   9,    9) (   9,    9) (   9,    9) (   9,    9) (   9,    9) (   9,    9) (   9,    9) (   9,    9) (   9,    9) (   9,    9)
          (   9,    9) (   9,    9) (   9,    9) (   9,    9) (   9,    9) (   9,    9) (   9,    9) (   9,    9) (   9,    9) (   9,    9)
          (   9,    9) (   9,    9) (   9,    9) (   9,    9) (   9,    9) (   9,    9) (   9,    9) (   9,    9) (   9,    9) (   9,    9)
          (   9,    9) (   9,    9) (   9,    9) (   9,    9) (   9,    9) (   9,    9) (   9,    9) (   9,    9) (   9,    9) (   9,    9)
          (   9,    9) (   9,    9) (   9,    9) (   9,    9) (   9,    9) (   9,    9) (   9,    9) (   9,    9) (   9,    9) (   9,    9)
          (   9,    9) (   9,    9) (   9,    9) (   9,    9) (   9,    9) (   9,    9) (   9,    9) (   9,    9) (   9,    9) (   9,    9)
          (   9,    9) (   9,    9) (   9,    9) (   9,    9) (   9,    9) (   9,    9) (   9,    9) (   9,    9) (   9,    9) (   9,    9)
          (   9,    9) (   9,    9) (   9,    9) (   9,    9) (   9,    9) (   9,    9) (   9,    9) (   9,    9) (   9,    9) (   9,    9)
          (   9,    9) (   9,    9) (   9,    9) (   9,    9) (   9,    9) (   9,    9) (   9,    9) (   9,    9) (   9,    9) (   9,    9)
          (   9,    9) (   9,    9) (   9,    9) (   9,    9) (   9,    9) (   9,    9) (   9,    9) (   9,    9) (   9,    9) (   9,    9)
          (   9,    9) (   9,    9) (   9,    9) (   9,    9) (   9,    9) (   9,    9) (   9,    9) (   9,    9) (   9,    9) (   9,    9)
          (   9,    9) (   9,    9) (   9,    9) (   9,    9) (   9,    9) (   9,    9) (   9,    9) (   9,    9) (   9,    9) (   9,    9)
          (   9,    9) (   9,    9) (   9,    9) (   9,    9) (   9,    9) (   9,    9) (   9,    9) (   9,    9) (   9,    9) (   9,    9)
          (   9,    9) (   9,    9) (   9,    9) (   9,    9) (   9,    9) (   9,    9) (   9,    9) (   9,    9) (   9,    9) (   9,    9)
          (   9,    9) (   9,    9) (   9,    9) (   9,    9) (   9,    9) (   9,    9) (   9,    9) (   9,    9) (   9,    9) (   9,    9)
          (   9,    9) (   9,    9) (   9,    9) (   9,    9) (   9,    9) (   9,    9) (   9,    9) (   9,    9) (   9,    9) (   9,    9)
          (   9,    9) (   9,    9) (   9,    9) (   9,    9) (   9,    9) (   9,    9) (   9,    9) (   9,    9) (   9,    9) (   9,    9)
          (   9,    9) (   9,    9) (   9,    9) (   9,    9) (   9,    9) (   9,    9) (   9,    9) (   9,    9) (   9,    9) (   9,    9)
          (   9,    9) (   9,    9) (   9,    9) (   9,    9) (   9,    9) (   9,    9) (   9,    9) (   9,    9) (   9,    9) (   9,    9)
          (   9,    9) (   9,    9) (   9,    9) (   9,    9) (   9,    9) (   9,    9) (   9,    9) (   9,    9) (   9,    9) (   9,    9)
          (   9,    9) (   9,    9) (   9,    9) (   9,    9) (   9,    9) (   9,    9) (   9,    9) (   9,    9) (   9,    9) (   9,    9)
          (   9,    9) (   9,    9) (   9,    9) (   9,    9) (   9,    9) (   9,    9) (   9,    9) (   9,    9) (   9,    9) (   9,    9)
          (   9,    9) (   9,    9) (   9,    9) (   9,    9) (   9,    9) (   9,    9) (   9,    9) (   9,    9) (   9,    9) (   9,    9)
          (   9,    9) (   9,    9) (   9,    9) (   9,    9) (   9,    9) (   9,    9) (   9,    9) (   9,    9) (   9,    9) (   9,    9)
          (   9,    9) (   9,    9) (   9,    9) (   9,    9) (   9,    9) (   9,    9) (   9,    9) (   9,    9) (   9,    9) (   9,    9)
          (   9,    9) (   9,    9) (   9,    9) (   9,    9) (   9,    9) (   9,    9) (   9,    9) (   9,    9) (   9,    9) (   9,    9)
          (   9,    9) (   9,    9) (   9,    9) (   9,    9) (   9,    9) (   9,    9) (   9,    9) (   9,    9) (   9,    9) (   9,    9)
          (   9,    9) (   9,    9) (   9,    9) (   9,    9) (   9,    9) (   9,    9) (   9,    9) (   9,    9) (   9,    9) (   9,    9)
         
node   8 sent_total   6148  recv_total   6130

node   9  (   0,    0) (   0,    0) (   1,    0) (   0,    0) (   9,    2) (  10,    3) (  10,   10) (  10,   10) (  10,   10) (  10,   10)
          (  10,   10) (  10,   10) (  10,   10) (  10,   10) (  10,   10) (  10,   10) (  10,   10) (  10,   10) (  10,   10) (  10,   10)
          (  10,   10) (  10,   10) (  10,   10) (  10,   10) (  10,   10) (  10,   10) (  10,   10) (  10,   10) (  10,   10) (  10,   10)
          (  10,   10) (  10,   10) (  10,   10) (  10,   10) (  10,   10) (  10,   10) (  10,   10) (  10,   10) (  10,   10) (  10,   10)
          (  10,   10) (  10,   10) (  10,   10) (  10,   10) (  10,   10) (  10,   10) (  10,   10) (  10,   10) (  10,   10) (  10,   10)
          (  10,   10) (   9,   10) (   8,   10) (   9,   10) (   9,    9) (   9,    8) (   9,   10) (  10,   10) (   9,    8) (  10,    9)
          (   8,   10) (   9,   10) (   9,    9) (  10,   10) (   8,    9) (   7,    7) (   8,    8) (   7,    9) (  10,    7) (   9,   10)
          (   9,   10) (   6,    8) (   9,   10) (   9,   10) (   9,   10) (  10,    9) (   8,   10) (  10,   10) (   8,    9) (  10,    8)
          (  10,    9) (   9,    8) (   9,    8) (   7,    9) (   9,   10) (  10,    5) (  10,   10) (  10,   10) (  10,    9) (   9,    8)
          (  10,    8) (   8,   10) (  10,   10) (  10,   10) (   9,   10) (   9,    8) (  10,   10) (  10,   10) (   9,    9) (  10,    9)
          (  10,   10) (  10,    7) (   8,    9) (   8,    9) (   9,    9) (   9,    7) (   8,    8) (   7,    8) (   9,    7) (   8,    8)
          (   9,    8) (  10,    7) (  10,    7) (   9,    7) (   8,    8) (   7,    8) (   8,    6) (   8,    9) (  10,    9) (   9,    9)
          (   9,    9) (   9,    9) (   9,    8) (   8,    8) (   7,    9) (   8,    8) (   9,    9) (   9,    8) (   9,    9) (   8,    8)
          (   9,    7) (   8,    8) (   8,    9) (   9,    9) (   8,    8) (   6,    7) (   9,    8) (   9,    9) (   6,    8) (   7,    9)
          (   8,    7) (   8,    7) (   8,    8) (   9,    8) (   9,    9) (   8,    8) (   8,    9) (   8,    9) (   7,    8) (   7,    9)
          (   8,    9) (   6,    8) (   8,    9) (   6,    9) (   9,    8) (   9,    8) (   9,    8) (   8,    8) (   9,    9) (   7,    8)
          (   8,    8) (   8,    7) (   8,    9) (   8,    9) (   9,    9) (   9,    9) (   8,    9) (   6,    9) (   8,    7) (   8,    9)
          (   7,    8) (   7,    8) (   8,    8) (   8,    7) (   7,    9) (   7,    8) (   7,    9) (   7,    8) (   8,    8) (   7,    8)
          (   8,    9) (   9,    9) (   9,    8) (   8,    8) (   9,    7) (   7,    7) (   9,    7) (   6,    8) (   9,    8) (   8,    9)
          (   8,    9) (   9,    8) (   7,    4) (   6,    8) (   8,    8) (   7,    8) (   8,    9) (   9,    7) (   8,    7) (   8,    8)
          (   9,    7) (   9,    9) (   7,    8) (   8,    9) (   9,    9) (   7,    8) (   9,    8) (   8,    9) (   8,    9) (   8,    8)
          (   9,    9) (   8,    9) (   8,    9) (   7,    8) (   7,    6) (   8,    8) (   7,    8) (   8,    9) (   9,    8) (   9,    9)
          (   8,    9) (   8,    7) (   9,    8) (   9,    9) (   7,    9) (   9,    8) (   8,    8) (   9,    6) (   9,    7) (   9,    9)
          (   8,    8) (   9,    8) (   7,    9) (   9,    8) (   8,    8) (   8,    8) (   7,    8) (   7,    8) (   8,    8) (   9,    7)
          (   8,    8) (   8,    9) (   8,    9) (   7,    9) (   9,    8) (   8,    6) (   9,    7) (   9,    7) (   9,    9) (   8,    9)
          (   9,    8) (   7,    8) (   9,    8) (   7,    8) (   8,    8) (   7,    8) (   9,    6) (   7,    7) (   8,    9) (   8,    8)
          (   8,    8) (   8,    7) (   9,    9) (   8,    9) (   9,    8) (   9,    7) (   9,    8) (   7,    8) (   9,    7) (   9,    9)
          (   8,    8) (   9,    8) (   8,    9) (   7,    8) (   7,    7) (   7,    8) (   9,    9) (   8,    9) (   9,    8) (   7,    8)
          (   7,    9) (   8,    8) (   9,    6) (   8,    9) (   9,    8) (   7,    7) (   9,    7) (   7,    7) (   7,    7) (   9,    9)
          (   9,    8) (   8,    9) (   9,    7) (   9,    7) (   7,    9) (   7,    9) (   9,    8) (   9,    9) (   8,    6) (   8,    6)
          (   9,    9) (   9,    9) (   9,    9) (   9,    9) (   9,    9) (   9,    9) (   9,    9) (   9,    9) (   9,    9) (   9,    9)
          (   9,    9) (   9,    9) (   9,    9) (   9,    9) (   9,    9) (   9,    9) (   9,    9) (   9,    9) (   9,    9) (   9,    9)
          (   9,    9) (   9,    9) (   9,    9) (   9,    9) (   9,    9) (   9,    9) (   9,    9) (   9,    9) (   9,    9) (   9,    9)
          (   9,    9) (   9,    9) (   9,    9) (   9,    9) (   9,    9) (   9,    9) (   9,    9) (   9,    9) (   9,    9) (   9,    9)
          (   9,    9) (   9,    9) (   9,    9) (   9,    9) (   9,    9) (   9,    9) (   9,    9) (   9,    9) (   9,    9) (   9,    9)
          (   9,    9) (   9,    9) (   9,    9) (   9,    9) (   9,    9) (   9,    9) (   9,    9) (   9,    9) (   9,    9) (   9,    9)
          (   9,    9) (   9,    9) (   9,    9) (   9,    9) (   9,    9) (   9,    9) (   9,    9) (   9,    9) (   9,    9) (   9,    9)
          (   9,    9) (   9,    9) (   9,    9) (   9,    9) (   9,    9) (   9,    9) (   9,    9) (   9,    9) (   9,    9) (   9,    9)
          (   9,    9) (   9,    9) (   9,    9) (   9,    9) (   9,    9) (   9,    9) (   9,    9) (   9,    9) (   9,    9) (   9,    9)
          (   9,    9) (   9,    9) (   9,    9) (   9,    9) (   9,    9) (   9,    9) (   9,    9) (   9,    9) (   9,    9) (   9,    9)
          (   9,    9) (   9,    9) (   9,    9) (   9,    9) (   9,    9) (   9,    9) (   9,    9) (   9,    9) (   9,    9) (   9,    9)
          (   9,    9) (   9,    9) (   9,    9) (   9,    9) (   9,    9) (   9,    9) (   9,    9) (   9,    9) (   9,    9) (   9,    9)
          (   9,    9) (   9,    9) (   9,    9) (   9,    9) (   9,    9) (   9,    9) (   9,    9) (   9,    9) (   9,    9) (   9,    9)
          (   9,    9) (   9,    9) (   9,    9) (   9,    9) (   9,    9) (   9,    9) (   9,    9) (   9,    9) (   9,    9) (   9,    9)
          (   9,    9) (   9,    9) (   9,    9) (   9,    9) (   9,    9) (   9,    9) (   9,    9) (   9,    9) (   9,    9) (   9,    9)
          (   9,    9) (   9,    9) (   9,    9) (   9,    9) (   9,    9) (   9,    9) (   9,    9) (   9,    9) (   9,    9) (   9,    9)
          (   9,    9) (   9,    9) (   9,    9) (   9,    9) (   9,    9) (   9,    9) (   9,    9) (   9,    9) (   9,    9) (   9,    9)
          (   9,    9) (   9,    9) (   9,    9) (   9,    9) (   9,    9) (   9,    9) (   9,    9) (   9,    9) (   9,    9) (   9,    9)
          (   9,    9) (   9,    9) (   9,    9) (   9,    9) (   9,    9) (   9,    9) (   9,    9) (   9,    9) (   9,    9) (   9,    9)
          (   9,    9) (   9,    9) (   9,    9) (   9,    9) (   9,    9) (   9,    9) (   9,    9) (   9,    9) (   9,    9) (   9,    9)
          (   9,    9) (   9,    9) (   9,    9) (   9,    9) (   9,    9) (   9,    9) (   9,    9) (   9,    9) (   9,    9) (   9,    9)
          (   9,    9) (   9,    9) (   9,    9) (   9,    9) (   9,    9) (   9,    9) (   9,    9) (   9,    9) (   9,    9) (   9,    9)
          (   9,    9) (   9,    9) (   9,    9) (   9,    9) (   9,    9) (   9,    9) (   9,    9) (   9,    9) (   9,    9) (   9,    9)
          (   9,    9) (   9,    9) (   9,    9) (   9,    9) (   9,    9) (   9,    9) (   9,    9) (   9,    9) (   9,    9) (   9,    9)
          (   9,    9) (   9,    9) (   9,    9) (   9,    9) (   9,    9) (   9,    9) (   9,    9) (   9,    9) (   9,    9) (   9,    9)
          (   9,    9) (   9,    9) (   9,    9) (   9,    9) (   9,    9) (   9,    9) (   9,    9) (   9,    9) (   9,    9) (   9,    9)
          (   9,    9) (   9,    9) (   9,    9) (   9,    9) (   9,    9) (   9,    9) (   9,    9) (   9,    9) (   9,    9) (   9,    9)
          (   9,    9) (   9,    9) (   9,    9) (   9,    9) (   9,    9) (   9,    9) (   9,    9) (   9,    9) (   9,    9) (   9,    9)
          (   9,    9) (   9,    9) (   9,    9) (   9,    9) (   9,    9) (   9,    9) (   9,    9) (   9,    9) (   9,    9) (   9,    9)
          (   9,    9) (   9,    9) (   9,    9) (   9,    9) (   9,    9) (   9,    9) (   9,    9) (   9,    9) (   9,    9) (   9,    9)
          (   9,    9) (   9,    9) (   9,    9) (   9,    9) (   9,    9) (   9,    9) (   9,    9) (   9,    9) (   9,    9) (   9,    9)
          (   9,    9) (   9,    9) (   9,    9) (   9,    9) (   9,    9) (   9,    9) (   9,    9) (   9,    9) (   9,    9) (   9,    9)
          (   9,    9) (   9,    9) (   9,    9) (   9,    9) (   9,    9) (   9,    9) (   9,    9) (   9,    9) (   9,    9) (   9,    9)
          (   9,    9) (   9,    9) (   9,    9) (   9,    9) (   9,    9) (   9,    9) (   9,    9) (   9,    9) (   9,    9) (   9,    9)
          (   9,    9) (   9,    9) (   9,    9) (   9,    9) (   9,    9) (   9,    9) (   9,    9) (   9,    9) (   9,    9) (   9,    9)
          (   9,    9) (   9,    9) (   9,    9) (   9,    9) (   9,    9) (   9,    9) (   9,    9) (   9,    9) (   9,    9) (   9,    9)
          (   9,    9) (   9,    9) (   9,    9) (   9,    9) (   9,    9) (   9,    9) (   9,    9) (   9,    9) (   9,    9) (   9,    9)
          (   9,    9) (   9,    9) (   9,    9) (   9,    9) (   9,    9) (   9,    9) (   9,    9) (   9,    9) (   9,    9) (   9,    9)
          (   9,    9) (   9,    9) (   9,    9) (   9,    9) (   9,    9) (   9,    9) (   9,    9) (   9,    9) (   9,    9) (   9,    9)
          (   9,    9) (   9,    9) (   9,    9) (   9,    9) (   9,    9) (   9,    9) (   9,    9) (   9,    9) (   9,    9) (   9,    9)
         
node   9 sent_total   6139  recv_total   6120

node  10  (   0,    0) (   0,    0) (   1,    0) (   0,    0) (  10,    2) (  10,    2) (  10,   10) (  10,   10) (  10,   10) (  10,   10)
          (  10,   10) (  10,   10) (  10,   10) (  10,   10) (  10,   10) (  10,   10) (  10,   10) (  10,   10) (  10,   10) (  10,   10)
          (  10,   10) (  10,   10) (  10,   10) (  10,   10) (  10,   10) (  10,   10) (  10,   10) (  10,   10) (  10,   10) (  10,   10)
          (  10,   10) (  10,   10) (  10,   10) (  10,   10) (  10,   10) (  10,   10) (  10,   10) (  10,   10) (  10,   10) (  10,   10)
          (  10,   10) (  10,   10) (  10,   10) (  10,   10) (  10,   10) (  10,   10) (  10,   10) (  10,   10) (  10,   10) (  10,   10)
          (  10,   10) (  10,   10) (  10,    9) (  10,   10) (  10,    9) (  10,    9) (   8,    9) (   9,    9) (   9,   10) (   9,   10)
          (   9,    8) (  10,    9) (  10,   10) (  10,    9) (  10,   10) (  10,    9) (  10,    8) (   8,    9) (   7,    9) (   9,    8)
          (  10,    9) (   9,    9) (   8,   10) (   7,    9) (   8,   10) (  10,   10) (  10,    9) (  10,    8) (  10,    9) (   8,   10)
          (  10,    9) (   9,    9) (   8,    9) (   9,    7) (   9,   10) (   9,   10) (   8,    9) (  10,    9) (  10,   10) (  10,    8)
          (   9,   10) (   9,    8) (  10,   10) (  10,    9) (   9,   10) (   9,   10) (   9,    9) (   9,    9) (   9,    9) (   9,    9)
          (  10,   10) (   9,   10) (   9,    7) (  10,    8) (  10,    9) (   8,    8) (   8,    6) (   9,    8) (   9,    9) (   9,    8)
          (   6,    9) (   9,    8) (   8,    9) (   9,    9) (   7,    7) (  10,    9) (   9,    9) (  10,    9) (   9,    7) (  10,    9)
          (  10,    7) (   7,    9) (   9,    9) (   9,    8) (   7,    9) (   9,    7) (   9,    8) (   9,    8) (   9,    8) (   7,    8)
          (   9,    9) (   9,    9) (   8,    9) (   8,    9) (   7,    8) (   7,    7) (   9,    7) (   9,    9) (   8,    9) (   8,    6)
          (   9,    7) (   9,    9) (   8,    8) (   9,    8) (   9,    9) (   8,    8) (   8,    7) (   6,    9) (   8,    8) (   8,    9)
          (   9,    6) (   9,    7) (   8,    8) (   8,    9) (   7,    9) (   9,    6) (   9,    9) (   8,    9) (   9,    9) (   8,    9)
          (   9,    7) (   7,    9) (   9,    8) (   9,    9) (   8,    7) (   8,    9) (   5,    6) (   9,    9) (   8,    9) (   9,    7)
          (   9,    9) (   7,    8) (   9,    9) (   8,    6) (   8,    7) (   9,    7) (   8,    9) (   9,    9) (   8,    7) (   7,    7)
          (   9,    7) (   8,    9) (   7,    8) (   8,    9) (   9,    8) (   8,    9) (   5,    9) (   9,    7) (   8,    7) (   9,    8)
          (   9,    8) (   6,    8) (   9,    8) (   9,    8) (   9,    8) (   9,    8) (   7,    7) (   9,    9) (   9,    9) (   9,    9)
          (   9,    8) (   8,    9) (   8,    7) (   9,    7) (   9,    9) (   7,    8) (   9,    7) (   9,    8) (   9,    9) (   8,    8)
          (   8,    9) (   8,    7) (   7,    8) (   8,    8) (   9,    7) (   9,    7) (   9,    9) (   7,    9) (   8,    6) (   7,    8)
          (   8,    9) (   8,    8) (   9,    9) (   6,    9) (   9,    6) (   7,    9) (   9,    8) (   8,    6) (   9,    9) (   8,    7)
          (   9,    8) (   9,    8) (   9,    8) (   8,    8) (   8,    9) (   9,    7) (   9,    8) (   8,    9) (   8,    8) (   9,    9)
          (   8,    9) (   8,    8) (   6,    8) (   8,    9) (   8,    8) (   8,    9) (   7,    8) (   8,    8) (   8,    9) (   9,    9)
          (   7,    8) (   6,    9) (   6,    7) (   8,    8) (   7,    8) (   8,    9) (   9,    9) (   8,    8) (   7,    8) (   9,    8)
          (   8,    9) (   9,    8) (   7,    9) (   9,    9) (   8,    6) (   8,    8) (   7,    8) (   7,    7) (   9,    9) (   9,    9)
          (   7,    9) (   8,    7) (   7,    8) (   7,    8) (   7,    6) (   8,    9) (   8,    8) (   9,    9) (   9,    8) (   9,    8)
          (   9,    8) (   8,    9) (   8,    8) (   7,    8) (   9,    7) (   7,    6) (   8,    8) (   9,    9) (   8,    6) (   7,    9)
          (   9,    9) (   8,    9) (   6,    8) (   8,    7) (   9,    9) (   8,    9) (   7,    7) (   7,    9) (   7,    8) (   7,    9)
          (   7,    6) (   9,    9) (   9,    9) (   9,    9) (   9,    9) (   9,    9) (   9,    9) (   9,    9) (   9,    9) (   9,    9)
          (   9,    9) (   9,    9) (   9,    9) (   9,    9) (   9,    9) (   9,    9) (   9,    9) (   9,    9) (   9,    9) (   9,    9)
          (   9,    9) (   9,    9) (   9,    9) (   9,    9) (   9,    9) (   9,    9) (   9,    9) (   9,    9) (   9,    9) (   9,    9)
          (   9,    9) (   9,    9) (   9,    9) (   9,    9) (   9,    9) (   9,    9) (   9,    9) (   9,    9) (   9,    9) (   9,    9)
          (   9,    9) (   9,    9) (   9,    9) (   9,    9) (   9,    9) (   9,    9) (   9,    9) (   9,    9) (   9,    9) (   9,    9)
          (   9,    9) (   9,    9) (   9,    9) (   9,    9) (   9,    9) (   9,    9) (   9,    9) (   9,    9) (   9,    9) (   9,    9)
          (   9,    9) (   9,    9) (   9,    9) (   9,    9) (   9,    9) (   9,    9) (   9,    9) (   9,    9) (   9,    9) (   9,    9)
          (   9,    9) (   9,    9) (   9,    9) (   9,    9) (   9,    9) (   9,    9) (   9,    9) (   9,    9) (   9,    9) (   9,    9)
          (   9,    9) (   9,    9) (   9,    9) (   9,    9) (   9,    9) (   9,    9) (   9,    9) (   9,    9) (   9,    9) (   9,    9)
          (   9,    9) (   9,    9) (   9,    9) (   9,    9) (   9,    9) (   9,    9) (   9,    9) (   9,    9) (   9,    9) (   9,    9)
          (   9,    9) (   9,    9) (   9,    9) (   9,    9) (   9,    9) (   9,    9) (   9,    9) (   9,    9) (   9,    9) (   9,    9)
          (   9,    9) (   9,    9) (   9,    9) (   9,    9) (   9,    9) (   9,    9) (   9,    9) (   9,    9) (   9,    9) (   9,    9)
          (   9,    9) (   9,    9) (   9,    9) (   9,    9) (   9,    9) (   9,    9) (   9,    9) (   9,    9) (   9,    9) (   9,    9)
          (   9,    9) (   9,    9) (   9,    9) (   9,    9) (   9,    9) (   9,    9) (   9,    9) (   9,    9) (   9,    9) (   9,    9)
          (   9,    9) (   9,    9) (   9,    9) (   9,    9) (   9,    9) (   9,    9) (   9,    9) (   9,    9) (   9,    9) (   9,    9)
          (   9,    9) (   9,    9) (   9,    9) (   9,    9) (   9,    9) (   9,    9) (   9,    9) (   9,    9) (   9,    9) (   9,    9)
          (   9,    9) (   9,    9) (   9,    9) (   9,    9) (   9,    9) (   9,    9) (   9,    9) (   9,    9) (   9,    9) (   9,    9)
          (   9,    9) (   9,    9) (   9,    9) (   9,    9) (   9,    9) (   9,    9) (   9,    9) (   9,    9) (   9,    9) (   9,    9)
          (   9,    9) (   9,    9) (   9,    9) (   9,    9) (   9,    9) (   9,    9) (   9,    9) (   9,    9) (   9,    9) (   9,    9)
          (   9,    9) (   9,    9) (   9,    9) (   9,    9) (   9,    9) (   9,    9) (   9,    9) (   9,    9) (   9,    9) (   9,    9)
          (   9,    9) (   9,    9) (   9,    9) (   9,    9) (   9,    9) (   9,    9) (   9,    9) (   9,    9) (   9,    9) (   9,    9)
          (   9,    9) (   9,    9) (   9,    9) (   9,    9) (   9,    9) (   9,    9) (   9,    9) (   9,    9) (   9,    9) (   9,    9)
          (   9,    9) (   9,    9) (   9,    9) (   9,    9) (   9,    9) (   9,    9) (   9,    9) (   9,    9) (   9,    9) (   9,    9)
          (   9,    9) (   9,    9) (   9,    9) (   9,    9) (   9,    9) (   9,    9) (   9,    9) (   9,    9) (   9,    9) (   9,    9)
          (   9,    9) (   9,    9) (   9,    9) (   9,    9) (   9,    9) (   9,    9) (   9,    9) (   9,    9) (   9,    9) (   9,    9)
          (   9,    9) (   9,    9) (   9,    9) (   9,    9) (   9,    9) (   9,    9) (   9,    9) (   9,    9) (   9,    9) (   9,    9)
          (   9,    9) (   9,    9) (   9,    9) (   9,    9) (   9,    9) (   9,    9) (   9,    9) (   9,    9) (   9,    9) (   9,    9)
          (   9,    9) (   9,    9) (   9,    9) (   9,    9) (   9,    9) (   9,    9) (   9,    9) (   9,    9) (   9,    9) (   9,    9)
          (   9,    9) (   9,    9) (   9,    9) (   9,    9) (   9,    9) (   9,    9) (   9,    9) (   9,    9) (   9,    9) (   9,    9)
          (   9,    9) (   9,    9) (   9,    9) (   9,    9) (   9,    9) (   9,    9) (   9,    9) (   9,    9) (   9,    9) (   9,    9)
          (   9,    9) (   9,    9) (   9,    9) (   9,    9) (   9,    9) (   9,    9) (   9,    9) (   9,    9) (   9,    9) (   9,    9)
          (   9,    9) (   9,    9) (   9,    9) (   9,    9) (   9,    9) (   9,    9) (   9,    9) (   9,    9) (   9,    9) (   9,    9)
          (   9,    9) (   9,    9) (   9,    9) (   9,    9) (   9,    9) (   9,    9) (   9,    9) (   9,    9) (   9,    9) (   9,    9)
          (   9,    9) (   9,    9) (   9,    9) (   9,    9) (   9,    9) (   9,    9) (   9,    9) (   9,    9) (   9,    9) (   9,    9)
          (   9,    9) (   9,    9) (   9,    9) (   9,    9) (   9,    9) (   9,    9) (   9,    9) (   9,    9) (   9,    9) (   9,    9)
          (   9,    9) (   9,    9) (   9,    9) (   9,    9) (   9,    9) (   9,    9) (   9,    9) (   9,    9) (   9,    9) (   9,    9)
          (   9,    9) (   9,    9) (   9,    9) (   9,    9) (   9,    9) (   9,    9) (   9,    9) (   9,    9) (   9,    9) (   9,    9)
          (   9,    9) (   9,    9) (   9,    9) (   9,    9) (   9,    9) (   9,    9) (   9,    9) (   9,    9) (   9,    9) (   9,    9)
          (   9,    9) (   9,    9) (   9,    9) (   9,    9) (   9,    9) (   9,    9) (   9,    9) (   9,    9) (   9,    9) (   9,    9)
          (   9,    9) (   9,    9) (   9,    9) (   9,    9) (   9,    9) (   9,    9) (   9,    9) (   9,    9) (   9,    9) (   9,    9)
         
node  10 sent_total   6161  recv_total   6127

